ARM GAS  C:\Users\krisa\AppData\Local\Temp\cc3KL36m.s 			page 1


   1              		.cpu cortex-m4
   2              		.arch armv7e-m
   3              		.fpu fpv4-sp-d16
   4              		.eabi_attribute 27, 1
   5              		.eabi_attribute 28, 1
   6              		.eabi_attribute 20, 1
   7              		.eabi_attribute 21, 1
   8              		.eabi_attribute 23, 3
   9              		.eabi_attribute 24, 1
  10              		.eabi_attribute 25, 1
  11              		.eabi_attribute 26, 1
  12              		.eabi_attribute 30, 1
  13              		.eabi_attribute 34, 1
  14              		.eabi_attribute 18, 4
  15              		.file	"stm32f4xx_hal_msp.c"
  16              		.text
  17              	.Ltext0:
  18              		.cfi_sections	.debug_frame
  19              		.section	.text.HAL_MspInit,"ax",%progbits
  20              		.align	1
  21              		.global	HAL_MspInit
  22              		.syntax unified
  23              		.thumb
  24              		.thumb_func
  26              	HAL_MspInit:
  27              	.LFB239:
  28              		.file 1 "Core/Src/stm32f4xx_hal_msp.c"
   1:Core/Src/stm32f4xx_hal_msp.c **** /* USER CODE BEGIN Header */
   2:Core/Src/stm32f4xx_hal_msp.c **** /**
   3:Core/Src/stm32f4xx_hal_msp.c ****   ******************************************************************************
   4:Core/Src/stm32f4xx_hal_msp.c ****   * @file         stm32f4xx_hal_msp.c
   5:Core/Src/stm32f4xx_hal_msp.c ****   * @brief        This file provides code for the MSP Initialization
   6:Core/Src/stm32f4xx_hal_msp.c ****   *               and de-Initialization codes.
   7:Core/Src/stm32f4xx_hal_msp.c ****   ******************************************************************************
   8:Core/Src/stm32f4xx_hal_msp.c ****   * @attention
   9:Core/Src/stm32f4xx_hal_msp.c ****   *
  10:Core/Src/stm32f4xx_hal_msp.c ****   * Copyright (c) 2025 STMicroelectronics.
  11:Core/Src/stm32f4xx_hal_msp.c ****   * All rights reserved.
  12:Core/Src/stm32f4xx_hal_msp.c ****   *
  13:Core/Src/stm32f4xx_hal_msp.c ****   * This software is licensed under terms that can be found in the LICENSE file
  14:Core/Src/stm32f4xx_hal_msp.c ****   * in the root directory of this software component.
  15:Core/Src/stm32f4xx_hal_msp.c ****   * If no LICENSE file comes with this software, it is provided AS-IS.
  16:Core/Src/stm32f4xx_hal_msp.c ****   *
  17:Core/Src/stm32f4xx_hal_msp.c ****   ******************************************************************************
  18:Core/Src/stm32f4xx_hal_msp.c ****   */
  19:Core/Src/stm32f4xx_hal_msp.c **** /* USER CODE END Header */
  20:Core/Src/stm32f4xx_hal_msp.c **** 
  21:Core/Src/stm32f4xx_hal_msp.c **** /* Includes ------------------------------------------------------------------*/
  22:Core/Src/stm32f4xx_hal_msp.c **** #include "main.h"
  23:Core/Src/stm32f4xx_hal_msp.c **** /* USER CODE BEGIN Includes */
  24:Core/Src/stm32f4xx_hal_msp.c **** 
  25:Core/Src/stm32f4xx_hal_msp.c **** /* USER CODE END Includes */
  26:Core/Src/stm32f4xx_hal_msp.c **** 
  27:Core/Src/stm32f4xx_hal_msp.c **** /* Private typedef -----------------------------------------------------------*/
  28:Core/Src/stm32f4xx_hal_msp.c **** /* USER CODE BEGIN TD */
  29:Core/Src/stm32f4xx_hal_msp.c **** 
  30:Core/Src/stm32f4xx_hal_msp.c **** /* USER CODE END TD */
ARM GAS  C:\Users\krisa\AppData\Local\Temp\cc3KL36m.s 			page 2


  31:Core/Src/stm32f4xx_hal_msp.c **** 
  32:Core/Src/stm32f4xx_hal_msp.c **** /* Private define ------------------------------------------------------------*/
  33:Core/Src/stm32f4xx_hal_msp.c **** /* USER CODE BEGIN Define */
  34:Core/Src/stm32f4xx_hal_msp.c **** 
  35:Core/Src/stm32f4xx_hal_msp.c **** /* USER CODE END Define */
  36:Core/Src/stm32f4xx_hal_msp.c **** 
  37:Core/Src/stm32f4xx_hal_msp.c **** /* Private macro -------------------------------------------------------------*/
  38:Core/Src/stm32f4xx_hal_msp.c **** /* USER CODE BEGIN Macro */
  39:Core/Src/stm32f4xx_hal_msp.c **** 
  40:Core/Src/stm32f4xx_hal_msp.c **** /* USER CODE END Macro */
  41:Core/Src/stm32f4xx_hal_msp.c **** 
  42:Core/Src/stm32f4xx_hal_msp.c **** /* Private variables ---------------------------------------------------------*/
  43:Core/Src/stm32f4xx_hal_msp.c **** /* USER CODE BEGIN PV */
  44:Core/Src/stm32f4xx_hal_msp.c **** 
  45:Core/Src/stm32f4xx_hal_msp.c **** /* USER CODE END PV */
  46:Core/Src/stm32f4xx_hal_msp.c **** 
  47:Core/Src/stm32f4xx_hal_msp.c **** /* Private function prototypes -----------------------------------------------*/
  48:Core/Src/stm32f4xx_hal_msp.c **** /* USER CODE BEGIN PFP */
  49:Core/Src/stm32f4xx_hal_msp.c **** 
  50:Core/Src/stm32f4xx_hal_msp.c **** /* USER CODE END PFP */
  51:Core/Src/stm32f4xx_hal_msp.c **** 
  52:Core/Src/stm32f4xx_hal_msp.c **** /* External functions --------------------------------------------------------*/
  53:Core/Src/stm32f4xx_hal_msp.c **** /* USER CODE BEGIN ExternalFunctions */
  54:Core/Src/stm32f4xx_hal_msp.c **** 
  55:Core/Src/stm32f4xx_hal_msp.c **** /* USER CODE END ExternalFunctions */
  56:Core/Src/stm32f4xx_hal_msp.c **** 
  57:Core/Src/stm32f4xx_hal_msp.c **** /* USER CODE BEGIN 0 */
  58:Core/Src/stm32f4xx_hal_msp.c **** 
  59:Core/Src/stm32f4xx_hal_msp.c **** /* USER CODE END 0 */
  60:Core/Src/stm32f4xx_hal_msp.c **** /**
  61:Core/Src/stm32f4xx_hal_msp.c ****   * Initializes the Global MSP.
  62:Core/Src/stm32f4xx_hal_msp.c ****   */
  63:Core/Src/stm32f4xx_hal_msp.c **** void HAL_MspInit(void)
  64:Core/Src/stm32f4xx_hal_msp.c **** {
  29              		.loc 1 64 1 view -0
  30              		.cfi_startproc
  31              		@ args = 0, pretend = 0, frame = 8
  32              		@ frame_needed = 0, uses_anonymous_args = 0
  33              		@ link register save eliminated.
  34 0000 82B0     		sub	sp, sp, #8
  35              	.LCFI0:
  36              		.cfi_def_cfa_offset 8
  65:Core/Src/stm32f4xx_hal_msp.c **** 
  66:Core/Src/stm32f4xx_hal_msp.c ****   /* USER CODE BEGIN MspInit 0 */
  67:Core/Src/stm32f4xx_hal_msp.c **** 
  68:Core/Src/stm32f4xx_hal_msp.c ****   /* USER CODE END MspInit 0 */
  69:Core/Src/stm32f4xx_hal_msp.c **** 
  70:Core/Src/stm32f4xx_hal_msp.c ****   __HAL_RCC_SYSCFG_CLK_ENABLE();
  37              		.loc 1 70 3 view .LVU1
  38              	.LBB2:
  39              		.loc 1 70 3 view .LVU2
  40 0002 0021     		movs	r1, #0
  41 0004 0091     		str	r1, [sp]
  42              		.loc 1 70 3 view .LVU3
  43 0006 0B4B     		ldr	r3, .L3
  44 0008 5A6C     		ldr	r2, [r3, #68]
  45 000a 42F48042 		orr	r2, r2, #16384
ARM GAS  C:\Users\krisa\AppData\Local\Temp\cc3KL36m.s 			page 3


  46 000e 5A64     		str	r2, [r3, #68]
  47              		.loc 1 70 3 view .LVU4
  48 0010 5A6C     		ldr	r2, [r3, #68]
  49 0012 02F48042 		and	r2, r2, #16384
  50 0016 0092     		str	r2, [sp]
  51              		.loc 1 70 3 view .LVU5
  52 0018 009A     		ldr	r2, [sp]
  53              	.LBE2:
  54              		.loc 1 70 3 view .LVU6
  71:Core/Src/stm32f4xx_hal_msp.c ****   __HAL_RCC_PWR_CLK_ENABLE();
  55              		.loc 1 71 3 view .LVU7
  56              	.LBB3:
  57              		.loc 1 71 3 view .LVU8
  58 001a 0191     		str	r1, [sp, #4]
  59              		.loc 1 71 3 view .LVU9
  60 001c 1A6C     		ldr	r2, [r3, #64]
  61 001e 42F08052 		orr	r2, r2, #268435456
  62 0022 1A64     		str	r2, [r3, #64]
  63              		.loc 1 71 3 view .LVU10
  64 0024 1B6C     		ldr	r3, [r3, #64]
  65 0026 03F08053 		and	r3, r3, #268435456
  66 002a 0193     		str	r3, [sp, #4]
  67              		.loc 1 71 3 view .LVU11
  68 002c 019B     		ldr	r3, [sp, #4]
  69              	.LBE3:
  70              		.loc 1 71 3 view .LVU12
  72:Core/Src/stm32f4xx_hal_msp.c **** 
  73:Core/Src/stm32f4xx_hal_msp.c ****   /* System interrupt init*/
  74:Core/Src/stm32f4xx_hal_msp.c **** 
  75:Core/Src/stm32f4xx_hal_msp.c ****   /* USER CODE BEGIN MspInit 1 */
  76:Core/Src/stm32f4xx_hal_msp.c **** 
  77:Core/Src/stm32f4xx_hal_msp.c ****   /* USER CODE END MspInit 1 */
  78:Core/Src/stm32f4xx_hal_msp.c **** }
  71              		.loc 1 78 1 is_stmt 0 view .LVU13
  72 002e 02B0     		add	sp, sp, #8
  73              	.LCFI1:
  74              		.cfi_def_cfa_offset 0
  75              		@ sp needed
  76 0030 7047     		bx	lr
  77              	.L4:
  78 0032 00BF     		.align	2
  79              	.L3:
  80 0034 00380240 		.word	1073887232
  81              		.cfi_endproc
  82              	.LFE239:
  84              		.section	.text.HAL_ADC_MspInit,"ax",%progbits
  85              		.align	1
  86              		.global	HAL_ADC_MspInit
  87              		.syntax unified
  88              		.thumb
  89              		.thumb_func
  91              	HAL_ADC_MspInit:
  92              	.LVL0:
  93              	.LFB240:
  79:Core/Src/stm32f4xx_hal_msp.c **** 
  80:Core/Src/stm32f4xx_hal_msp.c **** /**
  81:Core/Src/stm32f4xx_hal_msp.c ****   * @brief ADC MSP Initialization
ARM GAS  C:\Users\krisa\AppData\Local\Temp\cc3KL36m.s 			page 4


  82:Core/Src/stm32f4xx_hal_msp.c ****   * This function configures the hardware resources used in this example
  83:Core/Src/stm32f4xx_hal_msp.c ****   * @param hadc: ADC handle pointer
  84:Core/Src/stm32f4xx_hal_msp.c ****   * @retval None
  85:Core/Src/stm32f4xx_hal_msp.c ****   */
  86:Core/Src/stm32f4xx_hal_msp.c **** void HAL_ADC_MspInit(ADC_HandleTypeDef* hadc)
  87:Core/Src/stm32f4xx_hal_msp.c **** {
  94              		.loc 1 87 1 is_stmt 1 view -0
  95              		.cfi_startproc
  96              		@ args = 0, pretend = 0, frame = 32
  97              		@ frame_needed = 0, uses_anonymous_args = 0
  98              		.loc 1 87 1 is_stmt 0 view .LVU15
  99 0000 00B5     		push	{lr}
 100              	.LCFI2:
 101              		.cfi_def_cfa_offset 4
 102              		.cfi_offset 14, -4
 103 0002 89B0     		sub	sp, sp, #36
 104              	.LCFI3:
 105              		.cfi_def_cfa_offset 40
  88:Core/Src/stm32f4xx_hal_msp.c ****   GPIO_InitTypeDef GPIO_InitStruct = {0};
 106              		.loc 1 88 3 is_stmt 1 view .LVU16
 107              		.loc 1 88 20 is_stmt 0 view .LVU17
 108 0004 0023     		movs	r3, #0
 109 0006 0393     		str	r3, [sp, #12]
 110 0008 0493     		str	r3, [sp, #16]
 111 000a 0593     		str	r3, [sp, #20]
 112 000c 0693     		str	r3, [sp, #24]
 113 000e 0793     		str	r3, [sp, #28]
  89:Core/Src/stm32f4xx_hal_msp.c ****   if(hadc->Instance==ADC1)
 114              		.loc 1 89 3 is_stmt 1 view .LVU18
 115              		.loc 1 89 10 is_stmt 0 view .LVU19
 116 0010 0268     		ldr	r2, [r0]
 117              		.loc 1 89 5 view .LVU20
 118 0012 03F18043 		add	r3, r3, #1073741824
 119 0016 03F59033 		add	r3, r3, #73728
 120 001a 9A42     		cmp	r2, r3
 121 001c 02D0     		beq	.L8
 122              	.LVL1:
 123              	.L5:
  90:Core/Src/stm32f4xx_hal_msp.c ****   {
  91:Core/Src/stm32f4xx_hal_msp.c ****     /* USER CODE BEGIN ADC1_MspInit 0 */
  92:Core/Src/stm32f4xx_hal_msp.c **** 
  93:Core/Src/stm32f4xx_hal_msp.c ****     /* USER CODE END ADC1_MspInit 0 */
  94:Core/Src/stm32f4xx_hal_msp.c ****     /* Peripheral clock enable */
  95:Core/Src/stm32f4xx_hal_msp.c ****     __HAL_RCC_ADC1_CLK_ENABLE();
  96:Core/Src/stm32f4xx_hal_msp.c **** 
  97:Core/Src/stm32f4xx_hal_msp.c ****     __HAL_RCC_GPIOA_CLK_ENABLE();
  98:Core/Src/stm32f4xx_hal_msp.c ****     /**ADC1 GPIO Configuration
  99:Core/Src/stm32f4xx_hal_msp.c ****     PA0-WKUP     ------> ADC1_IN0
 100:Core/Src/stm32f4xx_hal_msp.c ****     PA1     ------> ADC1_IN1
 101:Core/Src/stm32f4xx_hal_msp.c ****     PA2     ------> ADC1_IN2
 102:Core/Src/stm32f4xx_hal_msp.c ****     PA3     ------> ADC1_IN3
 103:Core/Src/stm32f4xx_hal_msp.c ****     */
 104:Core/Src/stm32f4xx_hal_msp.c ****     GPIO_InitStruct.Pin = PYRO2_CONT_Pin|PYRO1_CONT_Pin|PYRO_ARMED_Pin|PYRO3_CONT_Pin;
 105:Core/Src/stm32f4xx_hal_msp.c ****     GPIO_InitStruct.Mode = GPIO_MODE_ANALOG;
 106:Core/Src/stm32f4xx_hal_msp.c ****     GPIO_InitStruct.Pull = GPIO_NOPULL;
 107:Core/Src/stm32f4xx_hal_msp.c ****     HAL_GPIO_Init(GPIOA, &GPIO_InitStruct);
 108:Core/Src/stm32f4xx_hal_msp.c **** 
ARM GAS  C:\Users\krisa\AppData\Local\Temp\cc3KL36m.s 			page 5


 109:Core/Src/stm32f4xx_hal_msp.c ****     /* USER CODE BEGIN ADC1_MspInit 1 */
 110:Core/Src/stm32f4xx_hal_msp.c **** 
 111:Core/Src/stm32f4xx_hal_msp.c ****     /* USER CODE END ADC1_MspInit 1 */
 112:Core/Src/stm32f4xx_hal_msp.c **** 
 113:Core/Src/stm32f4xx_hal_msp.c ****   }
 114:Core/Src/stm32f4xx_hal_msp.c **** 
 115:Core/Src/stm32f4xx_hal_msp.c **** }
 124              		.loc 1 115 1 view .LVU21
 125 001e 09B0     		add	sp, sp, #36
 126              	.LCFI4:
 127              		.cfi_remember_state
 128              		.cfi_def_cfa_offset 4
 129              		@ sp needed
 130 0020 5DF804FB 		ldr	pc, [sp], #4
 131              	.LVL2:
 132              	.L8:
 133              	.LCFI5:
 134              		.cfi_restore_state
  95:Core/Src/stm32f4xx_hal_msp.c **** 
 135              		.loc 1 95 5 is_stmt 1 view .LVU22
 136              	.LBB4:
  95:Core/Src/stm32f4xx_hal_msp.c **** 
 137              		.loc 1 95 5 view .LVU23
 138 0024 0021     		movs	r1, #0
 139 0026 0191     		str	r1, [sp, #4]
  95:Core/Src/stm32f4xx_hal_msp.c **** 
 140              		.loc 1 95 5 view .LVU24
 141 0028 03F58C33 		add	r3, r3, #71680
 142 002c 5A6C     		ldr	r2, [r3, #68]
 143 002e 42F48072 		orr	r2, r2, #256
 144 0032 5A64     		str	r2, [r3, #68]
  95:Core/Src/stm32f4xx_hal_msp.c **** 
 145              		.loc 1 95 5 view .LVU25
 146 0034 5A6C     		ldr	r2, [r3, #68]
 147 0036 02F48072 		and	r2, r2, #256
 148 003a 0192     		str	r2, [sp, #4]
  95:Core/Src/stm32f4xx_hal_msp.c **** 
 149              		.loc 1 95 5 view .LVU26
 150 003c 019A     		ldr	r2, [sp, #4]
 151              	.LBE4:
  95:Core/Src/stm32f4xx_hal_msp.c **** 
 152              		.loc 1 95 5 view .LVU27
  97:Core/Src/stm32f4xx_hal_msp.c ****     /**ADC1 GPIO Configuration
 153              		.loc 1 97 5 view .LVU28
 154              	.LBB5:
  97:Core/Src/stm32f4xx_hal_msp.c ****     /**ADC1 GPIO Configuration
 155              		.loc 1 97 5 view .LVU29
 156 003e 0291     		str	r1, [sp, #8]
  97:Core/Src/stm32f4xx_hal_msp.c ****     /**ADC1 GPIO Configuration
 157              		.loc 1 97 5 view .LVU30
 158 0040 1A6B     		ldr	r2, [r3, #48]
 159 0042 42F00102 		orr	r2, r2, #1
 160 0046 1A63     		str	r2, [r3, #48]
  97:Core/Src/stm32f4xx_hal_msp.c ****     /**ADC1 GPIO Configuration
 161              		.loc 1 97 5 view .LVU31
 162 0048 1B6B     		ldr	r3, [r3, #48]
 163 004a 03F00103 		and	r3, r3, #1
ARM GAS  C:\Users\krisa\AppData\Local\Temp\cc3KL36m.s 			page 6


 164 004e 0293     		str	r3, [sp, #8]
  97:Core/Src/stm32f4xx_hal_msp.c ****     /**ADC1 GPIO Configuration
 165              		.loc 1 97 5 view .LVU32
 166 0050 029B     		ldr	r3, [sp, #8]
 167              	.LBE5:
  97:Core/Src/stm32f4xx_hal_msp.c ****     /**ADC1 GPIO Configuration
 168              		.loc 1 97 5 view .LVU33
 104:Core/Src/stm32f4xx_hal_msp.c ****     GPIO_InitStruct.Mode = GPIO_MODE_ANALOG;
 169              		.loc 1 104 5 view .LVU34
 104:Core/Src/stm32f4xx_hal_msp.c ****     GPIO_InitStruct.Mode = GPIO_MODE_ANALOG;
 170              		.loc 1 104 25 is_stmt 0 view .LVU35
 171 0052 0F23     		movs	r3, #15
 172 0054 0393     		str	r3, [sp, #12]
 105:Core/Src/stm32f4xx_hal_msp.c ****     GPIO_InitStruct.Pull = GPIO_NOPULL;
 173              		.loc 1 105 5 is_stmt 1 view .LVU36
 105:Core/Src/stm32f4xx_hal_msp.c ****     GPIO_InitStruct.Pull = GPIO_NOPULL;
 174              		.loc 1 105 26 is_stmt 0 view .LVU37
 175 0056 0323     		movs	r3, #3
 176 0058 0493     		str	r3, [sp, #16]
 106:Core/Src/stm32f4xx_hal_msp.c ****     HAL_GPIO_Init(GPIOA, &GPIO_InitStruct);
 177              		.loc 1 106 5 is_stmt 1 view .LVU38
 107:Core/Src/stm32f4xx_hal_msp.c **** 
 178              		.loc 1 107 5 view .LVU39
 179 005a 03A9     		add	r1, sp, #12
 180 005c 0148     		ldr	r0, .L9
 181              	.LVL3:
 107:Core/Src/stm32f4xx_hal_msp.c **** 
 182              		.loc 1 107 5 is_stmt 0 view .LVU40
 183 005e FFF7FEFF 		bl	HAL_GPIO_Init
 184              	.LVL4:
 185              		.loc 1 115 1 view .LVU41
 186 0062 DCE7     		b	.L5
 187              	.L10:
 188              		.align	2
 189              	.L9:
 190 0064 00000240 		.word	1073872896
 191              		.cfi_endproc
 192              	.LFE240:
 194              		.section	.text.HAL_ADC_MspDeInit,"ax",%progbits
 195              		.align	1
 196              		.global	HAL_ADC_MspDeInit
 197              		.syntax unified
 198              		.thumb
 199              		.thumb_func
 201              	HAL_ADC_MspDeInit:
 202              	.LVL5:
 203              	.LFB241:
 116:Core/Src/stm32f4xx_hal_msp.c **** 
 117:Core/Src/stm32f4xx_hal_msp.c **** /**
 118:Core/Src/stm32f4xx_hal_msp.c ****   * @brief ADC MSP De-Initialization
 119:Core/Src/stm32f4xx_hal_msp.c ****   * This function freeze the hardware resources used in this example
 120:Core/Src/stm32f4xx_hal_msp.c ****   * @param hadc: ADC handle pointer
 121:Core/Src/stm32f4xx_hal_msp.c ****   * @retval None
 122:Core/Src/stm32f4xx_hal_msp.c ****   */
 123:Core/Src/stm32f4xx_hal_msp.c **** void HAL_ADC_MspDeInit(ADC_HandleTypeDef* hadc)
 124:Core/Src/stm32f4xx_hal_msp.c **** {
 204              		.loc 1 124 1 is_stmt 1 view -0
ARM GAS  C:\Users\krisa\AppData\Local\Temp\cc3KL36m.s 			page 7


 205              		.cfi_startproc
 206              		@ args = 0, pretend = 0, frame = 0
 207              		@ frame_needed = 0, uses_anonymous_args = 0
 208              		.loc 1 124 1 is_stmt 0 view .LVU43
 209 0000 08B5     		push	{r3, lr}
 210              	.LCFI6:
 211              		.cfi_def_cfa_offset 8
 212              		.cfi_offset 3, -8
 213              		.cfi_offset 14, -4
 125:Core/Src/stm32f4xx_hal_msp.c ****   if(hadc->Instance==ADC1)
 214              		.loc 1 125 3 is_stmt 1 view .LVU44
 215              		.loc 1 125 10 is_stmt 0 view .LVU45
 216 0002 0268     		ldr	r2, [r0]
 217              		.loc 1 125 5 view .LVU46
 218 0004 064B     		ldr	r3, .L15
 219 0006 9A42     		cmp	r2, r3
 220 0008 00D0     		beq	.L14
 221              	.LVL6:
 222              	.L11:
 126:Core/Src/stm32f4xx_hal_msp.c ****   {
 127:Core/Src/stm32f4xx_hal_msp.c ****     /* USER CODE BEGIN ADC1_MspDeInit 0 */
 128:Core/Src/stm32f4xx_hal_msp.c **** 
 129:Core/Src/stm32f4xx_hal_msp.c ****     /* USER CODE END ADC1_MspDeInit 0 */
 130:Core/Src/stm32f4xx_hal_msp.c ****     /* Peripheral clock disable */
 131:Core/Src/stm32f4xx_hal_msp.c ****     __HAL_RCC_ADC1_CLK_DISABLE();
 132:Core/Src/stm32f4xx_hal_msp.c **** 
 133:Core/Src/stm32f4xx_hal_msp.c ****     /**ADC1 GPIO Configuration
 134:Core/Src/stm32f4xx_hal_msp.c ****     PA0-WKUP     ------> ADC1_IN0
 135:Core/Src/stm32f4xx_hal_msp.c ****     PA1     ------> ADC1_IN1
 136:Core/Src/stm32f4xx_hal_msp.c ****     PA2     ------> ADC1_IN2
 137:Core/Src/stm32f4xx_hal_msp.c ****     PA3     ------> ADC1_IN3
 138:Core/Src/stm32f4xx_hal_msp.c ****     */
 139:Core/Src/stm32f4xx_hal_msp.c ****     HAL_GPIO_DeInit(GPIOA, PYRO2_CONT_Pin|PYRO1_CONT_Pin|PYRO_ARMED_Pin|PYRO3_CONT_Pin);
 140:Core/Src/stm32f4xx_hal_msp.c **** 
 141:Core/Src/stm32f4xx_hal_msp.c ****     /* USER CODE BEGIN ADC1_MspDeInit 1 */
 142:Core/Src/stm32f4xx_hal_msp.c **** 
 143:Core/Src/stm32f4xx_hal_msp.c ****     /* USER CODE END ADC1_MspDeInit 1 */
 144:Core/Src/stm32f4xx_hal_msp.c ****   }
 145:Core/Src/stm32f4xx_hal_msp.c **** 
 146:Core/Src/stm32f4xx_hal_msp.c **** }
 223              		.loc 1 146 1 view .LVU47
 224 000a 08BD     		pop	{r3, pc}
 225              	.LVL7:
 226              	.L14:
 131:Core/Src/stm32f4xx_hal_msp.c **** 
 227              		.loc 1 131 5 is_stmt 1 view .LVU48
 228 000c 054A     		ldr	r2, .L15+4
 229 000e 536C     		ldr	r3, [r2, #68]
 230 0010 23F48073 		bic	r3, r3, #256
 231 0014 5364     		str	r3, [r2, #68]
 139:Core/Src/stm32f4xx_hal_msp.c **** 
 232              		.loc 1 139 5 view .LVU49
 233 0016 0F21     		movs	r1, #15
 234 0018 0348     		ldr	r0, .L15+8
 235              	.LVL8:
 139:Core/Src/stm32f4xx_hal_msp.c **** 
 236              		.loc 1 139 5 is_stmt 0 view .LVU50
ARM GAS  C:\Users\krisa\AppData\Local\Temp\cc3KL36m.s 			page 8


 237 001a FFF7FEFF 		bl	HAL_GPIO_DeInit
 238              	.LVL9:
 239              		.loc 1 146 1 view .LVU51
 240 001e F4E7     		b	.L11
 241              	.L16:
 242              		.align	2
 243              	.L15:
 244 0020 00200140 		.word	1073815552
 245 0024 00380240 		.word	1073887232
 246 0028 00000240 		.word	1073872896
 247              		.cfi_endproc
 248              	.LFE241:
 250              		.section	.text.HAL_I2C_MspInit,"ax",%progbits
 251              		.align	1
 252              		.global	HAL_I2C_MspInit
 253              		.syntax unified
 254              		.thumb
 255              		.thumb_func
 257              	HAL_I2C_MspInit:
 258              	.LVL10:
 259              	.LFB242:
 147:Core/Src/stm32f4xx_hal_msp.c **** 
 148:Core/Src/stm32f4xx_hal_msp.c **** /**
 149:Core/Src/stm32f4xx_hal_msp.c ****   * @brief I2C MSP Initialization
 150:Core/Src/stm32f4xx_hal_msp.c ****   * This function configures the hardware resources used in this example
 151:Core/Src/stm32f4xx_hal_msp.c ****   * @param hi2c: I2C handle pointer
 152:Core/Src/stm32f4xx_hal_msp.c ****   * @retval None
 153:Core/Src/stm32f4xx_hal_msp.c ****   */
 154:Core/Src/stm32f4xx_hal_msp.c **** void HAL_I2C_MspInit(I2C_HandleTypeDef* hi2c)
 155:Core/Src/stm32f4xx_hal_msp.c **** {
 260              		.loc 1 155 1 is_stmt 1 view -0
 261              		.cfi_startproc
 262              		@ args = 0, pretend = 0, frame = 32
 263              		@ frame_needed = 0, uses_anonymous_args = 0
 264              		.loc 1 155 1 is_stmt 0 view .LVU53
 265 0000 2DE9F041 		push	{r4, r5, r6, r7, r8, lr}
 266              	.LCFI7:
 267              		.cfi_def_cfa_offset 24
 268              		.cfi_offset 4, -24
 269              		.cfi_offset 5, -20
 270              		.cfi_offset 6, -16
 271              		.cfi_offset 7, -12
 272              		.cfi_offset 8, -8
 273              		.cfi_offset 14, -4
 274 0004 88B0     		sub	sp, sp, #32
 275              	.LCFI8:
 276              		.cfi_def_cfa_offset 56
 156:Core/Src/stm32f4xx_hal_msp.c ****   GPIO_InitTypeDef GPIO_InitStruct = {0};
 277              		.loc 1 156 3 is_stmt 1 view .LVU54
 278              		.loc 1 156 20 is_stmt 0 view .LVU55
 279 0006 0023     		movs	r3, #0
 280 0008 0393     		str	r3, [sp, #12]
 281 000a 0493     		str	r3, [sp, #16]
 282 000c 0593     		str	r3, [sp, #20]
 283 000e 0693     		str	r3, [sp, #24]
 284 0010 0793     		str	r3, [sp, #28]
 157:Core/Src/stm32f4xx_hal_msp.c ****   if(hi2c->Instance==I2C2)
ARM GAS  C:\Users\krisa\AppData\Local\Temp\cc3KL36m.s 			page 9


 285              		.loc 1 157 3 is_stmt 1 view .LVU56
 286              		.loc 1 157 10 is_stmt 0 view .LVU57
 287 0012 0268     		ldr	r2, [r0]
 288              		.loc 1 157 5 view .LVU58
 289 0014 204B     		ldr	r3, .L21
 290 0016 9A42     		cmp	r2, r3
 291 0018 02D0     		beq	.L20
 292              	.LVL11:
 293              	.L17:
 158:Core/Src/stm32f4xx_hal_msp.c ****   {
 159:Core/Src/stm32f4xx_hal_msp.c ****     /* USER CODE BEGIN I2C2_MspInit 0 */
 160:Core/Src/stm32f4xx_hal_msp.c **** 
 161:Core/Src/stm32f4xx_hal_msp.c ****     /* USER CODE END I2C2_MspInit 0 */
 162:Core/Src/stm32f4xx_hal_msp.c **** 
 163:Core/Src/stm32f4xx_hal_msp.c ****     __HAL_RCC_GPIOB_CLK_ENABLE();
 164:Core/Src/stm32f4xx_hal_msp.c ****     __HAL_RCC_GPIOC_CLK_ENABLE();
 165:Core/Src/stm32f4xx_hal_msp.c ****     /**I2C2 GPIO Configuration
 166:Core/Src/stm32f4xx_hal_msp.c ****     PB10     ------> I2C2_SCL
 167:Core/Src/stm32f4xx_hal_msp.c ****     PC12     ------> I2C2_SDA
 168:Core/Src/stm32f4xx_hal_msp.c ****     */
 169:Core/Src/stm32f4xx_hal_msp.c ****     GPIO_InitStruct.Pin = GPIO_PIN_10;
 170:Core/Src/stm32f4xx_hal_msp.c ****     GPIO_InitStruct.Mode = GPIO_MODE_AF_OD;
 171:Core/Src/stm32f4xx_hal_msp.c ****     GPIO_InitStruct.Pull = GPIO_NOPULL;
 172:Core/Src/stm32f4xx_hal_msp.c ****     GPIO_InitStruct.Speed = GPIO_SPEED_FREQ_VERY_HIGH;
 173:Core/Src/stm32f4xx_hal_msp.c ****     GPIO_InitStruct.Alternate = GPIO_AF4_I2C2;
 174:Core/Src/stm32f4xx_hal_msp.c ****     HAL_GPIO_Init(GPIOB, &GPIO_InitStruct);
 175:Core/Src/stm32f4xx_hal_msp.c **** 
 176:Core/Src/stm32f4xx_hal_msp.c ****     GPIO_InitStruct.Pin = GPIO_PIN_12;
 177:Core/Src/stm32f4xx_hal_msp.c ****     GPIO_InitStruct.Mode = GPIO_MODE_AF_OD;
 178:Core/Src/stm32f4xx_hal_msp.c ****     GPIO_InitStruct.Pull = GPIO_NOPULL;
 179:Core/Src/stm32f4xx_hal_msp.c ****     GPIO_InitStruct.Speed = GPIO_SPEED_FREQ_VERY_HIGH;
 180:Core/Src/stm32f4xx_hal_msp.c ****     GPIO_InitStruct.Alternate = GPIO_AF4_I2C2;
 181:Core/Src/stm32f4xx_hal_msp.c ****     HAL_GPIO_Init(GPIOC, &GPIO_InitStruct);
 182:Core/Src/stm32f4xx_hal_msp.c **** 
 183:Core/Src/stm32f4xx_hal_msp.c ****     /* Peripheral clock enable */
 184:Core/Src/stm32f4xx_hal_msp.c ****     __HAL_RCC_I2C2_CLK_ENABLE();
 185:Core/Src/stm32f4xx_hal_msp.c ****     /* USER CODE BEGIN I2C2_MspInit 1 */
 186:Core/Src/stm32f4xx_hal_msp.c **** 
 187:Core/Src/stm32f4xx_hal_msp.c ****     /* USER CODE END I2C2_MspInit 1 */
 188:Core/Src/stm32f4xx_hal_msp.c **** 
 189:Core/Src/stm32f4xx_hal_msp.c ****   }
 190:Core/Src/stm32f4xx_hal_msp.c **** 
 191:Core/Src/stm32f4xx_hal_msp.c **** }
 294              		.loc 1 191 1 view .LVU59
 295 001a 08B0     		add	sp, sp, #32
 296              	.LCFI9:
 297              		.cfi_remember_state
 298              		.cfi_def_cfa_offset 24
 299              		@ sp needed
 300 001c BDE8F081 		pop	{r4, r5, r6, r7, r8, pc}
 301              	.LVL12:
 302              	.L20:
 303              	.LCFI10:
 304              		.cfi_restore_state
 163:Core/Src/stm32f4xx_hal_msp.c ****     __HAL_RCC_GPIOC_CLK_ENABLE();
 305              		.loc 1 163 5 is_stmt 1 view .LVU60
 306              	.LBB6:
ARM GAS  C:\Users\krisa\AppData\Local\Temp\cc3KL36m.s 			page 10


 163:Core/Src/stm32f4xx_hal_msp.c ****     __HAL_RCC_GPIOC_CLK_ENABLE();
 307              		.loc 1 163 5 view .LVU61
 308 0020 0025     		movs	r5, #0
 309 0022 0095     		str	r5, [sp]
 163:Core/Src/stm32f4xx_hal_msp.c ****     __HAL_RCC_GPIOC_CLK_ENABLE();
 310              		.loc 1 163 5 view .LVU62
 311 0024 1D4C     		ldr	r4, .L21+4
 312 0026 236B     		ldr	r3, [r4, #48]
 313 0028 43F00203 		orr	r3, r3, #2
 314 002c 2363     		str	r3, [r4, #48]
 163:Core/Src/stm32f4xx_hal_msp.c ****     __HAL_RCC_GPIOC_CLK_ENABLE();
 315              		.loc 1 163 5 view .LVU63
 316 002e 236B     		ldr	r3, [r4, #48]
 317 0030 03F00203 		and	r3, r3, #2
 318 0034 0093     		str	r3, [sp]
 163:Core/Src/stm32f4xx_hal_msp.c ****     __HAL_RCC_GPIOC_CLK_ENABLE();
 319              		.loc 1 163 5 view .LVU64
 320 0036 009B     		ldr	r3, [sp]
 321              	.LBE6:
 163:Core/Src/stm32f4xx_hal_msp.c ****     __HAL_RCC_GPIOC_CLK_ENABLE();
 322              		.loc 1 163 5 view .LVU65
 164:Core/Src/stm32f4xx_hal_msp.c ****     /**I2C2 GPIO Configuration
 323              		.loc 1 164 5 view .LVU66
 324              	.LBB7:
 164:Core/Src/stm32f4xx_hal_msp.c ****     /**I2C2 GPIO Configuration
 325              		.loc 1 164 5 view .LVU67
 326 0038 0195     		str	r5, [sp, #4]
 164:Core/Src/stm32f4xx_hal_msp.c ****     /**I2C2 GPIO Configuration
 327              		.loc 1 164 5 view .LVU68
 328 003a 236B     		ldr	r3, [r4, #48]
 329 003c 43F00403 		orr	r3, r3, #4
 330 0040 2363     		str	r3, [r4, #48]
 164:Core/Src/stm32f4xx_hal_msp.c ****     /**I2C2 GPIO Configuration
 331              		.loc 1 164 5 view .LVU69
 332 0042 236B     		ldr	r3, [r4, #48]
 333 0044 03F00403 		and	r3, r3, #4
 334 0048 0193     		str	r3, [sp, #4]
 164:Core/Src/stm32f4xx_hal_msp.c ****     /**I2C2 GPIO Configuration
 335              		.loc 1 164 5 view .LVU70
 336 004a 019B     		ldr	r3, [sp, #4]
 337              	.LBE7:
 164:Core/Src/stm32f4xx_hal_msp.c ****     /**I2C2 GPIO Configuration
 338              		.loc 1 164 5 view .LVU71
 169:Core/Src/stm32f4xx_hal_msp.c ****     GPIO_InitStruct.Mode = GPIO_MODE_AF_OD;
 339              		.loc 1 169 5 view .LVU72
 169:Core/Src/stm32f4xx_hal_msp.c ****     GPIO_InitStruct.Mode = GPIO_MODE_AF_OD;
 340              		.loc 1 169 25 is_stmt 0 view .LVU73
 341 004c 4FF48063 		mov	r3, #1024
 342 0050 0393     		str	r3, [sp, #12]
 170:Core/Src/stm32f4xx_hal_msp.c ****     GPIO_InitStruct.Pull = GPIO_NOPULL;
 343              		.loc 1 170 5 is_stmt 1 view .LVU74
 170:Core/Src/stm32f4xx_hal_msp.c ****     GPIO_InitStruct.Pull = GPIO_NOPULL;
 344              		.loc 1 170 26 is_stmt 0 view .LVU75
 345 0052 4FF01208 		mov	r8, #18
 346 0056 CDF81080 		str	r8, [sp, #16]
 171:Core/Src/stm32f4xx_hal_msp.c ****     GPIO_InitStruct.Speed = GPIO_SPEED_FREQ_VERY_HIGH;
 347              		.loc 1 171 5 is_stmt 1 view .LVU76
ARM GAS  C:\Users\krisa\AppData\Local\Temp\cc3KL36m.s 			page 11


 172:Core/Src/stm32f4xx_hal_msp.c ****     GPIO_InitStruct.Alternate = GPIO_AF4_I2C2;
 348              		.loc 1 172 5 view .LVU77
 172:Core/Src/stm32f4xx_hal_msp.c ****     GPIO_InitStruct.Alternate = GPIO_AF4_I2C2;
 349              		.loc 1 172 27 is_stmt 0 view .LVU78
 350 005a 0327     		movs	r7, #3
 351 005c 0697     		str	r7, [sp, #24]
 173:Core/Src/stm32f4xx_hal_msp.c ****     HAL_GPIO_Init(GPIOB, &GPIO_InitStruct);
 352              		.loc 1 173 5 is_stmt 1 view .LVU79
 173:Core/Src/stm32f4xx_hal_msp.c ****     HAL_GPIO_Init(GPIOB, &GPIO_InitStruct);
 353              		.loc 1 173 31 is_stmt 0 view .LVU80
 354 005e 0426     		movs	r6, #4
 355 0060 0796     		str	r6, [sp, #28]
 174:Core/Src/stm32f4xx_hal_msp.c **** 
 356              		.loc 1 174 5 is_stmt 1 view .LVU81
 357 0062 03A9     		add	r1, sp, #12
 358 0064 0E48     		ldr	r0, .L21+8
 359              	.LVL13:
 174:Core/Src/stm32f4xx_hal_msp.c **** 
 360              		.loc 1 174 5 is_stmt 0 view .LVU82
 361 0066 FFF7FEFF 		bl	HAL_GPIO_Init
 362              	.LVL14:
 176:Core/Src/stm32f4xx_hal_msp.c ****     GPIO_InitStruct.Mode = GPIO_MODE_AF_OD;
 363              		.loc 1 176 5 is_stmt 1 view .LVU83
 176:Core/Src/stm32f4xx_hal_msp.c ****     GPIO_InitStruct.Mode = GPIO_MODE_AF_OD;
 364              		.loc 1 176 25 is_stmt 0 view .LVU84
 365 006a 4FF48053 		mov	r3, #4096
 366 006e 0393     		str	r3, [sp, #12]
 177:Core/Src/stm32f4xx_hal_msp.c ****     GPIO_InitStruct.Pull = GPIO_NOPULL;
 367              		.loc 1 177 5 is_stmt 1 view .LVU85
 177:Core/Src/stm32f4xx_hal_msp.c ****     GPIO_InitStruct.Pull = GPIO_NOPULL;
 368              		.loc 1 177 26 is_stmt 0 view .LVU86
 369 0070 CDF81080 		str	r8, [sp, #16]
 178:Core/Src/stm32f4xx_hal_msp.c ****     GPIO_InitStruct.Speed = GPIO_SPEED_FREQ_VERY_HIGH;
 370              		.loc 1 178 5 is_stmt 1 view .LVU87
 178:Core/Src/stm32f4xx_hal_msp.c ****     GPIO_InitStruct.Speed = GPIO_SPEED_FREQ_VERY_HIGH;
 371              		.loc 1 178 26 is_stmt 0 view .LVU88
 372 0074 0595     		str	r5, [sp, #20]
 179:Core/Src/stm32f4xx_hal_msp.c ****     GPIO_InitStruct.Alternate = GPIO_AF4_I2C2;
 373              		.loc 1 179 5 is_stmt 1 view .LVU89
 179:Core/Src/stm32f4xx_hal_msp.c ****     GPIO_InitStruct.Alternate = GPIO_AF4_I2C2;
 374              		.loc 1 179 27 is_stmt 0 view .LVU90
 375 0076 0697     		str	r7, [sp, #24]
 180:Core/Src/stm32f4xx_hal_msp.c ****     HAL_GPIO_Init(GPIOC, &GPIO_InitStruct);
 376              		.loc 1 180 5 is_stmt 1 view .LVU91
 180:Core/Src/stm32f4xx_hal_msp.c ****     HAL_GPIO_Init(GPIOC, &GPIO_InitStruct);
 377              		.loc 1 180 31 is_stmt 0 view .LVU92
 378 0078 0796     		str	r6, [sp, #28]
 181:Core/Src/stm32f4xx_hal_msp.c **** 
 379              		.loc 1 181 5 is_stmt 1 view .LVU93
 380 007a 03A9     		add	r1, sp, #12
 381 007c 0948     		ldr	r0, .L21+12
 382 007e FFF7FEFF 		bl	HAL_GPIO_Init
 383              	.LVL15:
 184:Core/Src/stm32f4xx_hal_msp.c ****     /* USER CODE BEGIN I2C2_MspInit 1 */
 384              		.loc 1 184 5 view .LVU94
 385              	.LBB8:
 184:Core/Src/stm32f4xx_hal_msp.c ****     /* USER CODE BEGIN I2C2_MspInit 1 */
ARM GAS  C:\Users\krisa\AppData\Local\Temp\cc3KL36m.s 			page 12


 386              		.loc 1 184 5 view .LVU95
 387 0082 0295     		str	r5, [sp, #8]
 184:Core/Src/stm32f4xx_hal_msp.c ****     /* USER CODE BEGIN I2C2_MspInit 1 */
 388              		.loc 1 184 5 view .LVU96
 389 0084 236C     		ldr	r3, [r4, #64]
 390 0086 43F48003 		orr	r3, r3, #4194304
 391 008a 2364     		str	r3, [r4, #64]
 184:Core/Src/stm32f4xx_hal_msp.c ****     /* USER CODE BEGIN I2C2_MspInit 1 */
 392              		.loc 1 184 5 view .LVU97
 393 008c 236C     		ldr	r3, [r4, #64]
 394 008e 03F48003 		and	r3, r3, #4194304
 395 0092 0293     		str	r3, [sp, #8]
 184:Core/Src/stm32f4xx_hal_msp.c ****     /* USER CODE BEGIN I2C2_MspInit 1 */
 396              		.loc 1 184 5 view .LVU98
 397 0094 029B     		ldr	r3, [sp, #8]
 398              	.LBE8:
 184:Core/Src/stm32f4xx_hal_msp.c ****     /* USER CODE BEGIN I2C2_MspInit 1 */
 399              		.loc 1 184 5 view .LVU99
 400              		.loc 1 191 1 is_stmt 0 view .LVU100
 401 0096 C0E7     		b	.L17
 402              	.L22:
 403              		.align	2
 404              	.L21:
 405 0098 00580040 		.word	1073764352
 406 009c 00380240 		.word	1073887232
 407 00a0 00040240 		.word	1073873920
 408 00a4 00080240 		.word	1073874944
 409              		.cfi_endproc
 410              	.LFE242:
 412              		.section	.text.HAL_I2C_MspDeInit,"ax",%progbits
 413              		.align	1
 414              		.global	HAL_I2C_MspDeInit
 415              		.syntax unified
 416              		.thumb
 417              		.thumb_func
 419              	HAL_I2C_MspDeInit:
 420              	.LVL16:
 421              	.LFB243:
 192:Core/Src/stm32f4xx_hal_msp.c **** 
 193:Core/Src/stm32f4xx_hal_msp.c **** /**
 194:Core/Src/stm32f4xx_hal_msp.c ****   * @brief I2C MSP De-Initialization
 195:Core/Src/stm32f4xx_hal_msp.c ****   * This function freeze the hardware resources used in this example
 196:Core/Src/stm32f4xx_hal_msp.c ****   * @param hi2c: I2C handle pointer
 197:Core/Src/stm32f4xx_hal_msp.c ****   * @retval None
 198:Core/Src/stm32f4xx_hal_msp.c ****   */
 199:Core/Src/stm32f4xx_hal_msp.c **** void HAL_I2C_MspDeInit(I2C_HandleTypeDef* hi2c)
 200:Core/Src/stm32f4xx_hal_msp.c **** {
 422              		.loc 1 200 1 is_stmt 1 view -0
 423              		.cfi_startproc
 424              		@ args = 0, pretend = 0, frame = 0
 425              		@ frame_needed = 0, uses_anonymous_args = 0
 426              		.loc 1 200 1 is_stmt 0 view .LVU102
 427 0000 08B5     		push	{r3, lr}
 428              	.LCFI11:
 429              		.cfi_def_cfa_offset 8
 430              		.cfi_offset 3, -8
 431              		.cfi_offset 14, -4
ARM GAS  C:\Users\krisa\AppData\Local\Temp\cc3KL36m.s 			page 13


 201:Core/Src/stm32f4xx_hal_msp.c ****   if(hi2c->Instance==I2C2)
 432              		.loc 1 201 3 is_stmt 1 view .LVU103
 433              		.loc 1 201 10 is_stmt 0 view .LVU104
 434 0002 0268     		ldr	r2, [r0]
 435              		.loc 1 201 5 view .LVU105
 436 0004 094B     		ldr	r3, .L27
 437 0006 9A42     		cmp	r2, r3
 438 0008 00D0     		beq	.L26
 439              	.LVL17:
 440              	.L23:
 202:Core/Src/stm32f4xx_hal_msp.c ****   {
 203:Core/Src/stm32f4xx_hal_msp.c ****     /* USER CODE BEGIN I2C2_MspDeInit 0 */
 204:Core/Src/stm32f4xx_hal_msp.c **** 
 205:Core/Src/stm32f4xx_hal_msp.c ****     /* USER CODE END I2C2_MspDeInit 0 */
 206:Core/Src/stm32f4xx_hal_msp.c ****     /* Peripheral clock disable */
 207:Core/Src/stm32f4xx_hal_msp.c ****     __HAL_RCC_I2C2_CLK_DISABLE();
 208:Core/Src/stm32f4xx_hal_msp.c **** 
 209:Core/Src/stm32f4xx_hal_msp.c ****     /**I2C2 GPIO Configuration
 210:Core/Src/stm32f4xx_hal_msp.c ****     PB10     ------> I2C2_SCL
 211:Core/Src/stm32f4xx_hal_msp.c ****     PC12     ------> I2C2_SDA
 212:Core/Src/stm32f4xx_hal_msp.c ****     */
 213:Core/Src/stm32f4xx_hal_msp.c ****     HAL_GPIO_DeInit(GPIOB, GPIO_PIN_10);
 214:Core/Src/stm32f4xx_hal_msp.c **** 
 215:Core/Src/stm32f4xx_hal_msp.c ****     HAL_GPIO_DeInit(GPIOC, GPIO_PIN_12);
 216:Core/Src/stm32f4xx_hal_msp.c **** 
 217:Core/Src/stm32f4xx_hal_msp.c ****     /* USER CODE BEGIN I2C2_MspDeInit 1 */
 218:Core/Src/stm32f4xx_hal_msp.c **** 
 219:Core/Src/stm32f4xx_hal_msp.c ****     /* USER CODE END I2C2_MspDeInit 1 */
 220:Core/Src/stm32f4xx_hal_msp.c ****   }
 221:Core/Src/stm32f4xx_hal_msp.c **** 
 222:Core/Src/stm32f4xx_hal_msp.c **** }
 441              		.loc 1 222 1 view .LVU106
 442 000a 08BD     		pop	{r3, pc}
 443              	.LVL18:
 444              	.L26:
 207:Core/Src/stm32f4xx_hal_msp.c **** 
 445              		.loc 1 207 5 is_stmt 1 view .LVU107
 446 000c 084A     		ldr	r2, .L27+4
 447 000e 136C     		ldr	r3, [r2, #64]
 448 0010 23F48003 		bic	r3, r3, #4194304
 449 0014 1364     		str	r3, [r2, #64]
 213:Core/Src/stm32f4xx_hal_msp.c **** 
 450              		.loc 1 213 5 view .LVU108
 451 0016 4FF48061 		mov	r1, #1024
 452 001a 0648     		ldr	r0, .L27+8
 453              	.LVL19:
 213:Core/Src/stm32f4xx_hal_msp.c **** 
 454              		.loc 1 213 5 is_stmt 0 view .LVU109
 455 001c FFF7FEFF 		bl	HAL_GPIO_DeInit
 456              	.LVL20:
 215:Core/Src/stm32f4xx_hal_msp.c **** 
 457              		.loc 1 215 5 is_stmt 1 view .LVU110
 458 0020 4FF48051 		mov	r1, #4096
 459 0024 0448     		ldr	r0, .L27+12
 460 0026 FFF7FEFF 		bl	HAL_GPIO_DeInit
 461              	.LVL21:
 462              		.loc 1 222 1 is_stmt 0 view .LVU111
ARM GAS  C:\Users\krisa\AppData\Local\Temp\cc3KL36m.s 			page 14


 463 002a EEE7     		b	.L23
 464              	.L28:
 465              		.align	2
 466              	.L27:
 467 002c 00580040 		.word	1073764352
 468 0030 00380240 		.word	1073887232
 469 0034 00040240 		.word	1073873920
 470 0038 00080240 		.word	1073874944
 471              		.cfi_endproc
 472              	.LFE243:
 474              		.section	.text.HAL_SPI_MspInit,"ax",%progbits
 475              		.align	1
 476              		.global	HAL_SPI_MspInit
 477              		.syntax unified
 478              		.thumb
 479              		.thumb_func
 481              	HAL_SPI_MspInit:
 482              	.LVL22:
 483              	.LFB244:
 223:Core/Src/stm32f4xx_hal_msp.c **** 
 224:Core/Src/stm32f4xx_hal_msp.c **** /**
 225:Core/Src/stm32f4xx_hal_msp.c ****   * @brief SPI MSP Initialization
 226:Core/Src/stm32f4xx_hal_msp.c ****   * This function configures the hardware resources used in this example
 227:Core/Src/stm32f4xx_hal_msp.c ****   * @param hspi: SPI handle pointer
 228:Core/Src/stm32f4xx_hal_msp.c ****   * @retval None
 229:Core/Src/stm32f4xx_hal_msp.c ****   */
 230:Core/Src/stm32f4xx_hal_msp.c **** void HAL_SPI_MspInit(SPI_HandleTypeDef* hspi)
 231:Core/Src/stm32f4xx_hal_msp.c **** {
 484              		.loc 1 231 1 is_stmt 1 view -0
 485              		.cfi_startproc
 486              		@ args = 0, pretend = 0, frame = 32
 487              		@ frame_needed = 0, uses_anonymous_args = 0
 488              		.loc 1 231 1 is_stmt 0 view .LVU113
 489 0000 00B5     		push	{lr}
 490              	.LCFI12:
 491              		.cfi_def_cfa_offset 4
 492              		.cfi_offset 14, -4
 493 0002 89B0     		sub	sp, sp, #36
 494              	.LCFI13:
 495              		.cfi_def_cfa_offset 40
 232:Core/Src/stm32f4xx_hal_msp.c ****   GPIO_InitTypeDef GPIO_InitStruct = {0};
 496              		.loc 1 232 3 is_stmt 1 view .LVU114
 497              		.loc 1 232 20 is_stmt 0 view .LVU115
 498 0004 0023     		movs	r3, #0
 499 0006 0393     		str	r3, [sp, #12]
 500 0008 0493     		str	r3, [sp, #16]
 501 000a 0593     		str	r3, [sp, #20]
 502 000c 0693     		str	r3, [sp, #24]
 503 000e 0793     		str	r3, [sp, #28]
 233:Core/Src/stm32f4xx_hal_msp.c ****   if(hspi->Instance==SPI1)
 504              		.loc 1 233 3 is_stmt 1 view .LVU116
 505              		.loc 1 233 10 is_stmt 0 view .LVU117
 506 0010 0268     		ldr	r2, [r0]
 507              		.loc 1 233 5 view .LVU118
 508 0012 154B     		ldr	r3, .L33
 509 0014 9A42     		cmp	r2, r3
 510 0016 02D0     		beq	.L32
ARM GAS  C:\Users\krisa\AppData\Local\Temp\cc3KL36m.s 			page 15


 511              	.LVL23:
 512              	.L29:
 234:Core/Src/stm32f4xx_hal_msp.c ****   {
 235:Core/Src/stm32f4xx_hal_msp.c ****     /* USER CODE BEGIN SPI1_MspInit 0 */
 236:Core/Src/stm32f4xx_hal_msp.c **** 
 237:Core/Src/stm32f4xx_hal_msp.c ****     /* USER CODE END SPI1_MspInit 0 */
 238:Core/Src/stm32f4xx_hal_msp.c ****     /* Peripheral clock enable */
 239:Core/Src/stm32f4xx_hal_msp.c ****     __HAL_RCC_SPI1_CLK_ENABLE();
 240:Core/Src/stm32f4xx_hal_msp.c **** 
 241:Core/Src/stm32f4xx_hal_msp.c ****     __HAL_RCC_GPIOA_CLK_ENABLE();
 242:Core/Src/stm32f4xx_hal_msp.c ****     /**SPI1 GPIO Configuration
 243:Core/Src/stm32f4xx_hal_msp.c ****     PA5     ------> SPI1_SCK
 244:Core/Src/stm32f4xx_hal_msp.c ****     PA6     ------> SPI1_MISO
 245:Core/Src/stm32f4xx_hal_msp.c ****     PA7     ------> SPI1_MOSI
 246:Core/Src/stm32f4xx_hal_msp.c ****     */
 247:Core/Src/stm32f4xx_hal_msp.c ****     GPIO_InitStruct.Pin = GPIO_PIN_5|GPIO_PIN_6|GPIO_PIN_7;
 248:Core/Src/stm32f4xx_hal_msp.c ****     GPIO_InitStruct.Mode = GPIO_MODE_AF_PP;
 249:Core/Src/stm32f4xx_hal_msp.c ****     GPIO_InitStruct.Pull = GPIO_NOPULL;
 250:Core/Src/stm32f4xx_hal_msp.c ****     GPIO_InitStruct.Speed = GPIO_SPEED_FREQ_VERY_HIGH;
 251:Core/Src/stm32f4xx_hal_msp.c ****     GPIO_InitStruct.Alternate = GPIO_AF5_SPI1;
 252:Core/Src/stm32f4xx_hal_msp.c ****     HAL_GPIO_Init(GPIOA, &GPIO_InitStruct);
 253:Core/Src/stm32f4xx_hal_msp.c **** 
 254:Core/Src/stm32f4xx_hal_msp.c ****     /* USER CODE BEGIN SPI1_MspInit 1 */
 255:Core/Src/stm32f4xx_hal_msp.c **** 
 256:Core/Src/stm32f4xx_hal_msp.c ****     /* USER CODE END SPI1_MspInit 1 */
 257:Core/Src/stm32f4xx_hal_msp.c **** 
 258:Core/Src/stm32f4xx_hal_msp.c ****   }
 259:Core/Src/stm32f4xx_hal_msp.c **** 
 260:Core/Src/stm32f4xx_hal_msp.c **** }
 513              		.loc 1 260 1 view .LVU119
 514 0018 09B0     		add	sp, sp, #36
 515              	.LCFI14:
 516              		.cfi_remember_state
 517              		.cfi_def_cfa_offset 4
 518              		@ sp needed
 519 001a 5DF804FB 		ldr	pc, [sp], #4
 520              	.LVL24:
 521              	.L32:
 522              	.LCFI15:
 523              		.cfi_restore_state
 239:Core/Src/stm32f4xx_hal_msp.c **** 
 524              		.loc 1 239 5 is_stmt 1 view .LVU120
 525              	.LBB9:
 239:Core/Src/stm32f4xx_hal_msp.c **** 
 526              		.loc 1 239 5 view .LVU121
 527 001e 0021     		movs	r1, #0
 528 0020 0191     		str	r1, [sp, #4]
 239:Core/Src/stm32f4xx_hal_msp.c **** 
 529              		.loc 1 239 5 view .LVU122
 530 0022 03F58433 		add	r3, r3, #67584
 531 0026 5A6C     		ldr	r2, [r3, #68]
 532 0028 42F48052 		orr	r2, r2, #4096
 533 002c 5A64     		str	r2, [r3, #68]
 239:Core/Src/stm32f4xx_hal_msp.c **** 
 534              		.loc 1 239 5 view .LVU123
 535 002e 5A6C     		ldr	r2, [r3, #68]
 536 0030 02F48052 		and	r2, r2, #4096
ARM GAS  C:\Users\krisa\AppData\Local\Temp\cc3KL36m.s 			page 16


 537 0034 0192     		str	r2, [sp, #4]
 239:Core/Src/stm32f4xx_hal_msp.c **** 
 538              		.loc 1 239 5 view .LVU124
 539 0036 019A     		ldr	r2, [sp, #4]
 540              	.LBE9:
 239:Core/Src/stm32f4xx_hal_msp.c **** 
 541              		.loc 1 239 5 view .LVU125
 241:Core/Src/stm32f4xx_hal_msp.c ****     /**SPI1 GPIO Configuration
 542              		.loc 1 241 5 view .LVU126
 543              	.LBB10:
 241:Core/Src/stm32f4xx_hal_msp.c ****     /**SPI1 GPIO Configuration
 544              		.loc 1 241 5 view .LVU127
 545 0038 0291     		str	r1, [sp, #8]
 241:Core/Src/stm32f4xx_hal_msp.c ****     /**SPI1 GPIO Configuration
 546              		.loc 1 241 5 view .LVU128
 547 003a 1A6B     		ldr	r2, [r3, #48]
 548 003c 42F00102 		orr	r2, r2, #1
 549 0040 1A63     		str	r2, [r3, #48]
 241:Core/Src/stm32f4xx_hal_msp.c ****     /**SPI1 GPIO Configuration
 550              		.loc 1 241 5 view .LVU129
 551 0042 1B6B     		ldr	r3, [r3, #48]
 552 0044 03F00103 		and	r3, r3, #1
 553 0048 0293     		str	r3, [sp, #8]
 241:Core/Src/stm32f4xx_hal_msp.c ****     /**SPI1 GPIO Configuration
 554              		.loc 1 241 5 view .LVU130
 555 004a 029B     		ldr	r3, [sp, #8]
 556              	.LBE10:
 241:Core/Src/stm32f4xx_hal_msp.c ****     /**SPI1 GPIO Configuration
 557              		.loc 1 241 5 view .LVU131
 247:Core/Src/stm32f4xx_hal_msp.c ****     GPIO_InitStruct.Mode = GPIO_MODE_AF_PP;
 558              		.loc 1 247 5 view .LVU132
 247:Core/Src/stm32f4xx_hal_msp.c ****     GPIO_InitStruct.Mode = GPIO_MODE_AF_PP;
 559              		.loc 1 247 25 is_stmt 0 view .LVU133
 560 004c E023     		movs	r3, #224
 561 004e 0393     		str	r3, [sp, #12]
 248:Core/Src/stm32f4xx_hal_msp.c ****     GPIO_InitStruct.Pull = GPIO_NOPULL;
 562              		.loc 1 248 5 is_stmt 1 view .LVU134
 248:Core/Src/stm32f4xx_hal_msp.c ****     GPIO_InitStruct.Pull = GPIO_NOPULL;
 563              		.loc 1 248 26 is_stmt 0 view .LVU135
 564 0050 0223     		movs	r3, #2
 565 0052 0493     		str	r3, [sp, #16]
 249:Core/Src/stm32f4xx_hal_msp.c ****     GPIO_InitStruct.Speed = GPIO_SPEED_FREQ_VERY_HIGH;
 566              		.loc 1 249 5 is_stmt 1 view .LVU136
 250:Core/Src/stm32f4xx_hal_msp.c ****     GPIO_InitStruct.Alternate = GPIO_AF5_SPI1;
 567              		.loc 1 250 5 view .LVU137
 250:Core/Src/stm32f4xx_hal_msp.c ****     GPIO_InitStruct.Alternate = GPIO_AF5_SPI1;
 568              		.loc 1 250 27 is_stmt 0 view .LVU138
 569 0054 0323     		movs	r3, #3
 570 0056 0693     		str	r3, [sp, #24]
 251:Core/Src/stm32f4xx_hal_msp.c ****     HAL_GPIO_Init(GPIOA, &GPIO_InitStruct);
 571              		.loc 1 251 5 is_stmt 1 view .LVU139
 251:Core/Src/stm32f4xx_hal_msp.c ****     HAL_GPIO_Init(GPIOA, &GPIO_InitStruct);
 572              		.loc 1 251 31 is_stmt 0 view .LVU140
 573 0058 0523     		movs	r3, #5
 574 005a 0793     		str	r3, [sp, #28]
 252:Core/Src/stm32f4xx_hal_msp.c **** 
 575              		.loc 1 252 5 is_stmt 1 view .LVU141
ARM GAS  C:\Users\krisa\AppData\Local\Temp\cc3KL36m.s 			page 17


 576 005c 03A9     		add	r1, sp, #12
 577 005e 0348     		ldr	r0, .L33+4
 578              	.LVL25:
 252:Core/Src/stm32f4xx_hal_msp.c **** 
 579              		.loc 1 252 5 is_stmt 0 view .LVU142
 580 0060 FFF7FEFF 		bl	HAL_GPIO_Init
 581              	.LVL26:
 582              		.loc 1 260 1 view .LVU143
 583 0064 D8E7     		b	.L29
 584              	.L34:
 585 0066 00BF     		.align	2
 586              	.L33:
 587 0068 00300140 		.word	1073819648
 588 006c 00000240 		.word	1073872896
 589              		.cfi_endproc
 590              	.LFE244:
 592              		.section	.text.HAL_SPI_MspDeInit,"ax",%progbits
 593              		.align	1
 594              		.global	HAL_SPI_MspDeInit
 595              		.syntax unified
 596              		.thumb
 597              		.thumb_func
 599              	HAL_SPI_MspDeInit:
 600              	.LVL27:
 601              	.LFB245:
 261:Core/Src/stm32f4xx_hal_msp.c **** 
 262:Core/Src/stm32f4xx_hal_msp.c **** /**
 263:Core/Src/stm32f4xx_hal_msp.c ****   * @brief SPI MSP De-Initialization
 264:Core/Src/stm32f4xx_hal_msp.c ****   * This function freeze the hardware resources used in this example
 265:Core/Src/stm32f4xx_hal_msp.c ****   * @param hspi: SPI handle pointer
 266:Core/Src/stm32f4xx_hal_msp.c ****   * @retval None
 267:Core/Src/stm32f4xx_hal_msp.c ****   */
 268:Core/Src/stm32f4xx_hal_msp.c **** void HAL_SPI_MspDeInit(SPI_HandleTypeDef* hspi)
 269:Core/Src/stm32f4xx_hal_msp.c **** {
 602              		.loc 1 269 1 is_stmt 1 view -0
 603              		.cfi_startproc
 604              		@ args = 0, pretend = 0, frame = 0
 605              		@ frame_needed = 0, uses_anonymous_args = 0
 606              		.loc 1 269 1 is_stmt 0 view .LVU145
 607 0000 08B5     		push	{r3, lr}
 608              	.LCFI16:
 609              		.cfi_def_cfa_offset 8
 610              		.cfi_offset 3, -8
 611              		.cfi_offset 14, -4
 270:Core/Src/stm32f4xx_hal_msp.c ****   if(hspi->Instance==SPI1)
 612              		.loc 1 270 3 is_stmt 1 view .LVU146
 613              		.loc 1 270 10 is_stmt 0 view .LVU147
 614 0002 0268     		ldr	r2, [r0]
 615              		.loc 1 270 5 view .LVU148
 616 0004 064B     		ldr	r3, .L39
 617 0006 9A42     		cmp	r2, r3
 618 0008 00D0     		beq	.L38
 619              	.LVL28:
 620              	.L35:
 271:Core/Src/stm32f4xx_hal_msp.c ****   {
 272:Core/Src/stm32f4xx_hal_msp.c ****     /* USER CODE BEGIN SPI1_MspDeInit 0 */
 273:Core/Src/stm32f4xx_hal_msp.c **** 
ARM GAS  C:\Users\krisa\AppData\Local\Temp\cc3KL36m.s 			page 18


 274:Core/Src/stm32f4xx_hal_msp.c ****     /* USER CODE END SPI1_MspDeInit 0 */
 275:Core/Src/stm32f4xx_hal_msp.c ****     /* Peripheral clock disable */
 276:Core/Src/stm32f4xx_hal_msp.c ****     __HAL_RCC_SPI1_CLK_DISABLE();
 277:Core/Src/stm32f4xx_hal_msp.c **** 
 278:Core/Src/stm32f4xx_hal_msp.c ****     /**SPI1 GPIO Configuration
 279:Core/Src/stm32f4xx_hal_msp.c ****     PA5     ------> SPI1_SCK
 280:Core/Src/stm32f4xx_hal_msp.c ****     PA6     ------> SPI1_MISO
 281:Core/Src/stm32f4xx_hal_msp.c ****     PA7     ------> SPI1_MOSI
 282:Core/Src/stm32f4xx_hal_msp.c ****     */
 283:Core/Src/stm32f4xx_hal_msp.c ****     HAL_GPIO_DeInit(GPIOA, GPIO_PIN_5|GPIO_PIN_6|GPIO_PIN_7);
 284:Core/Src/stm32f4xx_hal_msp.c **** 
 285:Core/Src/stm32f4xx_hal_msp.c ****     /* USER CODE BEGIN SPI1_MspDeInit 1 */
 286:Core/Src/stm32f4xx_hal_msp.c **** 
 287:Core/Src/stm32f4xx_hal_msp.c ****     /* USER CODE END SPI1_MspDeInit 1 */
 288:Core/Src/stm32f4xx_hal_msp.c ****   }
 289:Core/Src/stm32f4xx_hal_msp.c **** 
 290:Core/Src/stm32f4xx_hal_msp.c **** }
 621              		.loc 1 290 1 view .LVU149
 622 000a 08BD     		pop	{r3, pc}
 623              	.LVL29:
 624              	.L38:
 276:Core/Src/stm32f4xx_hal_msp.c **** 
 625              		.loc 1 276 5 is_stmt 1 view .LVU150
 626 000c 054A     		ldr	r2, .L39+4
 627 000e 536C     		ldr	r3, [r2, #68]
 628 0010 23F48053 		bic	r3, r3, #4096
 629 0014 5364     		str	r3, [r2, #68]
 283:Core/Src/stm32f4xx_hal_msp.c **** 
 630              		.loc 1 283 5 view .LVU151
 631 0016 E021     		movs	r1, #224
 632 0018 0348     		ldr	r0, .L39+8
 633              	.LVL30:
 283:Core/Src/stm32f4xx_hal_msp.c **** 
 634              		.loc 1 283 5 is_stmt 0 view .LVU152
 635 001a FFF7FEFF 		bl	HAL_GPIO_DeInit
 636              	.LVL31:
 637              		.loc 1 290 1 view .LVU153
 638 001e F4E7     		b	.L35
 639              	.L40:
 640              		.align	2
 641              	.L39:
 642 0020 00300140 		.word	1073819648
 643 0024 00380240 		.word	1073887232
 644 0028 00000240 		.word	1073872896
 645              		.cfi_endproc
 646              	.LFE245:
 648              		.section	.text.HAL_UART_MspInit,"ax",%progbits
 649              		.align	1
 650              		.global	HAL_UART_MspInit
 651              		.syntax unified
 652              		.thumb
 653              		.thumb_func
 655              	HAL_UART_MspInit:
 656              	.LVL32:
 657              	.LFB246:
 291:Core/Src/stm32f4xx_hal_msp.c **** 
 292:Core/Src/stm32f4xx_hal_msp.c **** /**
ARM GAS  C:\Users\krisa\AppData\Local\Temp\cc3KL36m.s 			page 19


 293:Core/Src/stm32f4xx_hal_msp.c ****   * @brief UART MSP Initialization
 294:Core/Src/stm32f4xx_hal_msp.c ****   * This function configures the hardware resources used in this example
 295:Core/Src/stm32f4xx_hal_msp.c ****   * @param huart: UART handle pointer
 296:Core/Src/stm32f4xx_hal_msp.c ****   * @retval None
 297:Core/Src/stm32f4xx_hal_msp.c ****   */
 298:Core/Src/stm32f4xx_hal_msp.c **** void HAL_UART_MspInit(UART_HandleTypeDef* huart)
 299:Core/Src/stm32f4xx_hal_msp.c **** {
 658              		.loc 1 299 1 is_stmt 1 view -0
 659              		.cfi_startproc
 660              		@ args = 0, pretend = 0, frame = 32
 661              		@ frame_needed = 0, uses_anonymous_args = 0
 662              		.loc 1 299 1 is_stmt 0 view .LVU155
 663 0000 00B5     		push	{lr}
 664              	.LCFI17:
 665              		.cfi_def_cfa_offset 4
 666              		.cfi_offset 14, -4
 667 0002 89B0     		sub	sp, sp, #36
 668              	.LCFI18:
 669              		.cfi_def_cfa_offset 40
 300:Core/Src/stm32f4xx_hal_msp.c ****   GPIO_InitTypeDef GPIO_InitStruct = {0};
 670              		.loc 1 300 3 is_stmt 1 view .LVU156
 671              		.loc 1 300 20 is_stmt 0 view .LVU157
 672 0004 0023     		movs	r3, #0
 673 0006 0393     		str	r3, [sp, #12]
 674 0008 0493     		str	r3, [sp, #16]
 675 000a 0593     		str	r3, [sp, #20]
 676 000c 0693     		str	r3, [sp, #24]
 677 000e 0793     		str	r3, [sp, #28]
 301:Core/Src/stm32f4xx_hal_msp.c ****   if(huart->Instance==UART4)
 678              		.loc 1 301 3 is_stmt 1 view .LVU158
 679              		.loc 1 301 11 is_stmt 0 view .LVU159
 680 0010 0268     		ldr	r2, [r0]
 681              		.loc 1 301 5 view .LVU160
 682 0012 154B     		ldr	r3, .L45
 683 0014 9A42     		cmp	r2, r3
 684 0016 02D0     		beq	.L44
 685              	.LVL33:
 686              	.L41:
 302:Core/Src/stm32f4xx_hal_msp.c ****   {
 303:Core/Src/stm32f4xx_hal_msp.c ****     /* USER CODE BEGIN UART4_MspInit 0 */
 304:Core/Src/stm32f4xx_hal_msp.c **** 
 305:Core/Src/stm32f4xx_hal_msp.c ****     /* USER CODE END UART4_MspInit 0 */
 306:Core/Src/stm32f4xx_hal_msp.c ****     /* Peripheral clock enable */
 307:Core/Src/stm32f4xx_hal_msp.c ****     __HAL_RCC_UART4_CLK_ENABLE();
 308:Core/Src/stm32f4xx_hal_msp.c **** 
 309:Core/Src/stm32f4xx_hal_msp.c ****     __HAL_RCC_GPIOC_CLK_ENABLE();
 310:Core/Src/stm32f4xx_hal_msp.c ****     /**UART4 GPIO Configuration
 311:Core/Src/stm32f4xx_hal_msp.c ****     PC10     ------> UART4_TX
 312:Core/Src/stm32f4xx_hal_msp.c ****     PC11     ------> UART4_RX
 313:Core/Src/stm32f4xx_hal_msp.c ****     */
 314:Core/Src/stm32f4xx_hal_msp.c ****     GPIO_InitStruct.Pin = GPIO_PIN_10|GPIO_PIN_11;
 315:Core/Src/stm32f4xx_hal_msp.c ****     GPIO_InitStruct.Mode = GPIO_MODE_AF_PP;
 316:Core/Src/stm32f4xx_hal_msp.c ****     GPIO_InitStruct.Pull = GPIO_NOPULL;
 317:Core/Src/stm32f4xx_hal_msp.c ****     GPIO_InitStruct.Speed = GPIO_SPEED_FREQ_VERY_HIGH;
 318:Core/Src/stm32f4xx_hal_msp.c ****     GPIO_InitStruct.Alternate = GPIO_AF8_UART4;
 319:Core/Src/stm32f4xx_hal_msp.c ****     HAL_GPIO_Init(GPIOC, &GPIO_InitStruct);
 320:Core/Src/stm32f4xx_hal_msp.c **** 
ARM GAS  C:\Users\krisa\AppData\Local\Temp\cc3KL36m.s 			page 20


 321:Core/Src/stm32f4xx_hal_msp.c ****     /* USER CODE BEGIN UART4_MspInit 1 */
 322:Core/Src/stm32f4xx_hal_msp.c **** 
 323:Core/Src/stm32f4xx_hal_msp.c ****     /* USER CODE END UART4_MspInit 1 */
 324:Core/Src/stm32f4xx_hal_msp.c **** 
 325:Core/Src/stm32f4xx_hal_msp.c ****   }
 326:Core/Src/stm32f4xx_hal_msp.c **** 
 327:Core/Src/stm32f4xx_hal_msp.c **** }
 687              		.loc 1 327 1 view .LVU161
 688 0018 09B0     		add	sp, sp, #36
 689              	.LCFI19:
 690              		.cfi_remember_state
 691              		.cfi_def_cfa_offset 4
 692              		@ sp needed
 693 001a 5DF804FB 		ldr	pc, [sp], #4
 694              	.LVL34:
 695              	.L44:
 696              	.LCFI20:
 697              		.cfi_restore_state
 307:Core/Src/stm32f4xx_hal_msp.c **** 
 698              		.loc 1 307 5 is_stmt 1 view .LVU162
 699              	.LBB11:
 307:Core/Src/stm32f4xx_hal_msp.c **** 
 700              		.loc 1 307 5 view .LVU163
 701 001e 0021     		movs	r1, #0
 702 0020 0191     		str	r1, [sp, #4]
 307:Core/Src/stm32f4xx_hal_msp.c **** 
 703              		.loc 1 307 5 view .LVU164
 704 0022 03F5F633 		add	r3, r3, #125952
 705 0026 1A6C     		ldr	r2, [r3, #64]
 706 0028 42F40022 		orr	r2, r2, #524288
 707 002c 1A64     		str	r2, [r3, #64]
 307:Core/Src/stm32f4xx_hal_msp.c **** 
 708              		.loc 1 307 5 view .LVU165
 709 002e 1A6C     		ldr	r2, [r3, #64]
 710 0030 02F40022 		and	r2, r2, #524288
 711 0034 0192     		str	r2, [sp, #4]
 307:Core/Src/stm32f4xx_hal_msp.c **** 
 712              		.loc 1 307 5 view .LVU166
 713 0036 019A     		ldr	r2, [sp, #4]
 714              	.LBE11:
 307:Core/Src/stm32f4xx_hal_msp.c **** 
 715              		.loc 1 307 5 view .LVU167
 309:Core/Src/stm32f4xx_hal_msp.c ****     /**UART4 GPIO Configuration
 716              		.loc 1 309 5 view .LVU168
 717              	.LBB12:
 309:Core/Src/stm32f4xx_hal_msp.c ****     /**UART4 GPIO Configuration
 718              		.loc 1 309 5 view .LVU169
 719 0038 0291     		str	r1, [sp, #8]
 309:Core/Src/stm32f4xx_hal_msp.c ****     /**UART4 GPIO Configuration
 720              		.loc 1 309 5 view .LVU170
 721 003a 1A6B     		ldr	r2, [r3, #48]
 722 003c 42F00402 		orr	r2, r2, #4
 723 0040 1A63     		str	r2, [r3, #48]
 309:Core/Src/stm32f4xx_hal_msp.c ****     /**UART4 GPIO Configuration
 724              		.loc 1 309 5 view .LVU171
 725 0042 1B6B     		ldr	r3, [r3, #48]
 726 0044 03F00403 		and	r3, r3, #4
ARM GAS  C:\Users\krisa\AppData\Local\Temp\cc3KL36m.s 			page 21


 727 0048 0293     		str	r3, [sp, #8]
 309:Core/Src/stm32f4xx_hal_msp.c ****     /**UART4 GPIO Configuration
 728              		.loc 1 309 5 view .LVU172
 729 004a 029B     		ldr	r3, [sp, #8]
 730              	.LBE12:
 309:Core/Src/stm32f4xx_hal_msp.c ****     /**UART4 GPIO Configuration
 731              		.loc 1 309 5 view .LVU173
 314:Core/Src/stm32f4xx_hal_msp.c ****     GPIO_InitStruct.Mode = GPIO_MODE_AF_PP;
 732              		.loc 1 314 5 view .LVU174
 314:Core/Src/stm32f4xx_hal_msp.c ****     GPIO_InitStruct.Mode = GPIO_MODE_AF_PP;
 733              		.loc 1 314 25 is_stmt 0 view .LVU175
 734 004c 4FF44063 		mov	r3, #3072
 735 0050 0393     		str	r3, [sp, #12]
 315:Core/Src/stm32f4xx_hal_msp.c ****     GPIO_InitStruct.Pull = GPIO_NOPULL;
 736              		.loc 1 315 5 is_stmt 1 view .LVU176
 315:Core/Src/stm32f4xx_hal_msp.c ****     GPIO_InitStruct.Pull = GPIO_NOPULL;
 737              		.loc 1 315 26 is_stmt 0 view .LVU177
 738 0052 0223     		movs	r3, #2
 739 0054 0493     		str	r3, [sp, #16]
 316:Core/Src/stm32f4xx_hal_msp.c ****     GPIO_InitStruct.Speed = GPIO_SPEED_FREQ_VERY_HIGH;
 740              		.loc 1 316 5 is_stmt 1 view .LVU178
 317:Core/Src/stm32f4xx_hal_msp.c ****     GPIO_InitStruct.Alternate = GPIO_AF8_UART4;
 741              		.loc 1 317 5 view .LVU179
 317:Core/Src/stm32f4xx_hal_msp.c ****     GPIO_InitStruct.Alternate = GPIO_AF8_UART4;
 742              		.loc 1 317 27 is_stmt 0 view .LVU180
 743 0056 0323     		movs	r3, #3
 744 0058 0693     		str	r3, [sp, #24]
 318:Core/Src/stm32f4xx_hal_msp.c ****     HAL_GPIO_Init(GPIOC, &GPIO_InitStruct);
 745              		.loc 1 318 5 is_stmt 1 view .LVU181
 318:Core/Src/stm32f4xx_hal_msp.c ****     HAL_GPIO_Init(GPIOC, &GPIO_InitStruct);
 746              		.loc 1 318 31 is_stmt 0 view .LVU182
 747 005a 0823     		movs	r3, #8
 748 005c 0793     		str	r3, [sp, #28]
 319:Core/Src/stm32f4xx_hal_msp.c **** 
 749              		.loc 1 319 5 is_stmt 1 view .LVU183
 750 005e 03A9     		add	r1, sp, #12
 751 0060 0248     		ldr	r0, .L45+4
 752              	.LVL35:
 319:Core/Src/stm32f4xx_hal_msp.c **** 
 753              		.loc 1 319 5 is_stmt 0 view .LVU184
 754 0062 FFF7FEFF 		bl	HAL_GPIO_Init
 755              	.LVL36:
 756              		.loc 1 327 1 view .LVU185
 757 0066 D7E7     		b	.L41
 758              	.L46:
 759              		.align	2
 760              	.L45:
 761 0068 004C0040 		.word	1073761280
 762 006c 00080240 		.word	1073874944
 763              		.cfi_endproc
 764              	.LFE246:
 766              		.section	.text.HAL_UART_MspDeInit,"ax",%progbits
 767              		.align	1
 768              		.global	HAL_UART_MspDeInit
 769              		.syntax unified
 770              		.thumb
 771              		.thumb_func
ARM GAS  C:\Users\krisa\AppData\Local\Temp\cc3KL36m.s 			page 22


 773              	HAL_UART_MspDeInit:
 774              	.LVL37:
 775              	.LFB247:
 328:Core/Src/stm32f4xx_hal_msp.c **** 
 329:Core/Src/stm32f4xx_hal_msp.c **** /**
 330:Core/Src/stm32f4xx_hal_msp.c ****   * @brief UART MSP De-Initialization
 331:Core/Src/stm32f4xx_hal_msp.c ****   * This function freeze the hardware resources used in this example
 332:Core/Src/stm32f4xx_hal_msp.c ****   * @param huart: UART handle pointer
 333:Core/Src/stm32f4xx_hal_msp.c ****   * @retval None
 334:Core/Src/stm32f4xx_hal_msp.c ****   */
 335:Core/Src/stm32f4xx_hal_msp.c **** void HAL_UART_MspDeInit(UART_HandleTypeDef* huart)
 336:Core/Src/stm32f4xx_hal_msp.c **** {
 776              		.loc 1 336 1 is_stmt 1 view -0
 777              		.cfi_startproc
 778              		@ args = 0, pretend = 0, frame = 0
 779              		@ frame_needed = 0, uses_anonymous_args = 0
 780              		.loc 1 336 1 is_stmt 0 view .LVU187
 781 0000 08B5     		push	{r3, lr}
 782              	.LCFI21:
 783              		.cfi_def_cfa_offset 8
 784              		.cfi_offset 3, -8
 785              		.cfi_offset 14, -4
 337:Core/Src/stm32f4xx_hal_msp.c ****   if(huart->Instance==UART4)
 786              		.loc 1 337 3 is_stmt 1 view .LVU188
 787              		.loc 1 337 11 is_stmt 0 view .LVU189
 788 0002 0268     		ldr	r2, [r0]
 789              		.loc 1 337 5 view .LVU190
 790 0004 074B     		ldr	r3, .L51
 791 0006 9A42     		cmp	r2, r3
 792 0008 00D0     		beq	.L50
 793              	.LVL38:
 794              	.L47:
 338:Core/Src/stm32f4xx_hal_msp.c ****   {
 339:Core/Src/stm32f4xx_hal_msp.c ****     /* USER CODE BEGIN UART4_MspDeInit 0 */
 340:Core/Src/stm32f4xx_hal_msp.c **** 
 341:Core/Src/stm32f4xx_hal_msp.c ****     /* USER CODE END UART4_MspDeInit 0 */
 342:Core/Src/stm32f4xx_hal_msp.c ****     /* Peripheral clock disable */
 343:Core/Src/stm32f4xx_hal_msp.c ****     __HAL_RCC_UART4_CLK_DISABLE();
 344:Core/Src/stm32f4xx_hal_msp.c **** 
 345:Core/Src/stm32f4xx_hal_msp.c ****     /**UART4 GPIO Configuration
 346:Core/Src/stm32f4xx_hal_msp.c ****     PC10     ------> UART4_TX
 347:Core/Src/stm32f4xx_hal_msp.c ****     PC11     ------> UART4_RX
 348:Core/Src/stm32f4xx_hal_msp.c ****     */
 349:Core/Src/stm32f4xx_hal_msp.c ****     HAL_GPIO_DeInit(GPIOC, GPIO_PIN_10|GPIO_PIN_11);
 350:Core/Src/stm32f4xx_hal_msp.c **** 
 351:Core/Src/stm32f4xx_hal_msp.c ****     /* USER CODE BEGIN UART4_MspDeInit 1 */
 352:Core/Src/stm32f4xx_hal_msp.c **** 
 353:Core/Src/stm32f4xx_hal_msp.c ****     /* USER CODE END UART4_MspDeInit 1 */
 354:Core/Src/stm32f4xx_hal_msp.c ****   }
 355:Core/Src/stm32f4xx_hal_msp.c **** 
 356:Core/Src/stm32f4xx_hal_msp.c **** }
 795              		.loc 1 356 1 view .LVU191
 796 000a 08BD     		pop	{r3, pc}
 797              	.LVL39:
 798              	.L50:
 343:Core/Src/stm32f4xx_hal_msp.c **** 
 799              		.loc 1 343 5 is_stmt 1 view .LVU192
ARM GAS  C:\Users\krisa\AppData\Local\Temp\cc3KL36m.s 			page 23


 800 000c 064A     		ldr	r2, .L51+4
 801 000e 136C     		ldr	r3, [r2, #64]
 802 0010 23F40023 		bic	r3, r3, #524288
 803 0014 1364     		str	r3, [r2, #64]
 349:Core/Src/stm32f4xx_hal_msp.c **** 
 804              		.loc 1 349 5 view .LVU193
 805 0016 4FF44061 		mov	r1, #3072
 806 001a 0448     		ldr	r0, .L51+8
 807              	.LVL40:
 349:Core/Src/stm32f4xx_hal_msp.c **** 
 808              		.loc 1 349 5 is_stmt 0 view .LVU194
 809 001c FFF7FEFF 		bl	HAL_GPIO_DeInit
 810              	.LVL41:
 811              		.loc 1 356 1 view .LVU195
 812 0020 F3E7     		b	.L47
 813              	.L52:
 814 0022 00BF     		.align	2
 815              	.L51:
 816 0024 004C0040 		.word	1073761280
 817 0028 00380240 		.word	1073887232
 818 002c 00080240 		.word	1073874944
 819              		.cfi_endproc
 820              	.LFE247:
 822              		.section	.text.HAL_PCD_MspInit,"ax",%progbits
 823              		.align	1
 824              		.global	HAL_PCD_MspInit
 825              		.syntax unified
 826              		.thumb
 827              		.thumb_func
 829              	HAL_PCD_MspInit:
 830              	.LVL42:
 831              	.LFB248:
 357:Core/Src/stm32f4xx_hal_msp.c **** 
 358:Core/Src/stm32f4xx_hal_msp.c **** /**
 359:Core/Src/stm32f4xx_hal_msp.c ****   * @brief PCD MSP Initialization
 360:Core/Src/stm32f4xx_hal_msp.c ****   * This function configures the hardware resources used in this example
 361:Core/Src/stm32f4xx_hal_msp.c ****   * @param hpcd: PCD handle pointer
 362:Core/Src/stm32f4xx_hal_msp.c ****   * @retval None
 363:Core/Src/stm32f4xx_hal_msp.c ****   */
 364:Core/Src/stm32f4xx_hal_msp.c **** void HAL_PCD_MspInit(PCD_HandleTypeDef* hpcd)
 365:Core/Src/stm32f4xx_hal_msp.c **** {
 832              		.loc 1 365 1 is_stmt 1 view -0
 833              		.cfi_startproc
 834              		@ args = 0, pretend = 0, frame = 120
 835              		@ frame_needed = 0, uses_anonymous_args = 0
 836              		.loc 1 365 1 is_stmt 0 view .LVU197
 837 0000 30B5     		push	{r4, r5, lr}
 838              	.LCFI22:
 839              		.cfi_def_cfa_offset 12
 840              		.cfi_offset 4, -12
 841              		.cfi_offset 5, -8
 842              		.cfi_offset 14, -4
 843 0002 9FB0     		sub	sp, sp, #124
 844              	.LCFI23:
 845              		.cfi_def_cfa_offset 136
 846 0004 0446     		mov	r4, r0
 366:Core/Src/stm32f4xx_hal_msp.c ****   GPIO_InitTypeDef GPIO_InitStruct = {0};
ARM GAS  C:\Users\krisa\AppData\Local\Temp\cc3KL36m.s 			page 24


 847              		.loc 1 366 3 is_stmt 1 view .LVU198
 848              		.loc 1 366 20 is_stmt 0 view .LVU199
 849 0006 0021     		movs	r1, #0
 850 0008 1991     		str	r1, [sp, #100]
 851 000a 1A91     		str	r1, [sp, #104]
 852 000c 1B91     		str	r1, [sp, #108]
 853 000e 1C91     		str	r1, [sp, #112]
 854 0010 1D91     		str	r1, [sp, #116]
 367:Core/Src/stm32f4xx_hal_msp.c ****   RCC_PeriphCLKInitTypeDef PeriphClkInitStruct = {0};
 855              		.loc 1 367 3 is_stmt 1 view .LVU200
 856              		.loc 1 367 28 is_stmt 0 view .LVU201
 857 0012 5C22     		movs	r2, #92
 858 0014 02A8     		add	r0, sp, #8
 859              	.LVL43:
 860              		.loc 1 367 28 view .LVU202
 861 0016 FFF7FEFF 		bl	memset
 862              	.LVL44:
 368:Core/Src/stm32f4xx_hal_msp.c ****   if(hpcd->Instance==USB_OTG_FS)
 863              		.loc 1 368 3 is_stmt 1 view .LVU203
 864              		.loc 1 368 10 is_stmt 0 view .LVU204
 865 001a 2368     		ldr	r3, [r4]
 866              		.loc 1 368 5 view .LVU205
 867 001c B3F1A04F 		cmp	r3, #1342177280
 868 0020 01D0     		beq	.L57
 869              	.LVL45:
 870              	.L53:
 369:Core/Src/stm32f4xx_hal_msp.c ****   {
 370:Core/Src/stm32f4xx_hal_msp.c ****     /* USER CODE BEGIN USB_OTG_FS_MspInit 0 */
 371:Core/Src/stm32f4xx_hal_msp.c **** 
 372:Core/Src/stm32f4xx_hal_msp.c ****     /* USER CODE END USB_OTG_FS_MspInit 0 */
 373:Core/Src/stm32f4xx_hal_msp.c **** 
 374:Core/Src/stm32f4xx_hal_msp.c ****   /** Initializes the peripherals clock
 375:Core/Src/stm32f4xx_hal_msp.c ****   */
 376:Core/Src/stm32f4xx_hal_msp.c ****     PeriphClkInitStruct.PeriphClockSelection = RCC_PERIPHCLK_CLK48;
 377:Core/Src/stm32f4xx_hal_msp.c ****     PeriphClkInitStruct.PLLSAI.PLLSAIM = 4;
 378:Core/Src/stm32f4xx_hal_msp.c ****     PeriphClkInitStruct.PLLSAI.PLLSAIN = 96;
 379:Core/Src/stm32f4xx_hal_msp.c ****     PeriphClkInitStruct.PLLSAI.PLLSAIQ = 2;
 380:Core/Src/stm32f4xx_hal_msp.c ****     PeriphClkInitStruct.PLLSAI.PLLSAIP = RCC_PLLSAIP_DIV4;
 381:Core/Src/stm32f4xx_hal_msp.c ****     PeriphClkInitStruct.PLLSAIDivQ = 1;
 382:Core/Src/stm32f4xx_hal_msp.c ****     PeriphClkInitStruct.Clk48ClockSelection = RCC_CLK48CLKSOURCE_PLLSAIP;
 383:Core/Src/stm32f4xx_hal_msp.c ****     if (HAL_RCCEx_PeriphCLKConfig(&PeriphClkInitStruct) != HAL_OK)
 384:Core/Src/stm32f4xx_hal_msp.c ****     {
 385:Core/Src/stm32f4xx_hal_msp.c ****       Error_Handler();
 386:Core/Src/stm32f4xx_hal_msp.c ****     }
 387:Core/Src/stm32f4xx_hal_msp.c **** 
 388:Core/Src/stm32f4xx_hal_msp.c ****     __HAL_RCC_GPIOA_CLK_ENABLE();
 389:Core/Src/stm32f4xx_hal_msp.c ****     /**USB_OTG_FS GPIO Configuration
 390:Core/Src/stm32f4xx_hal_msp.c ****     PA11     ------> USB_OTG_FS_DM
 391:Core/Src/stm32f4xx_hal_msp.c ****     PA12     ------> USB_OTG_FS_DP
 392:Core/Src/stm32f4xx_hal_msp.c ****     */
 393:Core/Src/stm32f4xx_hal_msp.c ****     GPIO_InitStruct.Pin = GPIO_PIN_11|GPIO_PIN_12;
 394:Core/Src/stm32f4xx_hal_msp.c ****     GPIO_InitStruct.Mode = GPIO_MODE_AF_PP;
 395:Core/Src/stm32f4xx_hal_msp.c ****     GPIO_InitStruct.Pull = GPIO_NOPULL;
 396:Core/Src/stm32f4xx_hal_msp.c ****     GPIO_InitStruct.Speed = GPIO_SPEED_FREQ_VERY_HIGH;
 397:Core/Src/stm32f4xx_hal_msp.c ****     GPIO_InitStruct.Alternate = GPIO_AF10_OTG_FS;
 398:Core/Src/stm32f4xx_hal_msp.c ****     HAL_GPIO_Init(GPIOA, &GPIO_InitStruct);
 399:Core/Src/stm32f4xx_hal_msp.c **** 
ARM GAS  C:\Users\krisa\AppData\Local\Temp\cc3KL36m.s 			page 25


 400:Core/Src/stm32f4xx_hal_msp.c ****     /* Peripheral clock enable */
 401:Core/Src/stm32f4xx_hal_msp.c ****     __HAL_RCC_USB_OTG_FS_CLK_ENABLE();
 402:Core/Src/stm32f4xx_hal_msp.c ****     /* USB_OTG_FS interrupt Init */
 403:Core/Src/stm32f4xx_hal_msp.c ****     HAL_NVIC_SetPriority(OTG_FS_IRQn, 0, 0);
 404:Core/Src/stm32f4xx_hal_msp.c ****     HAL_NVIC_EnableIRQ(OTG_FS_IRQn);
 405:Core/Src/stm32f4xx_hal_msp.c ****     /* USER CODE BEGIN USB_OTG_FS_MspInit 1 */
 406:Core/Src/stm32f4xx_hal_msp.c **** 
 407:Core/Src/stm32f4xx_hal_msp.c ****     /* USER CODE END USB_OTG_FS_MspInit 1 */
 408:Core/Src/stm32f4xx_hal_msp.c **** 
 409:Core/Src/stm32f4xx_hal_msp.c ****   }
 410:Core/Src/stm32f4xx_hal_msp.c **** 
 411:Core/Src/stm32f4xx_hal_msp.c **** }
 871              		.loc 1 411 1 view .LVU206
 872 0022 1FB0     		add	sp, sp, #124
 873              	.LCFI24:
 874              		.cfi_remember_state
 875              		.cfi_def_cfa_offset 12
 876              		@ sp needed
 877 0024 30BD     		pop	{r4, r5, pc}
 878              	.LVL46:
 879              	.L57:
 880              	.LCFI25:
 881              		.cfi_restore_state
 376:Core/Src/stm32f4xx_hal_msp.c ****     PeriphClkInitStruct.PLLSAI.PLLSAIM = 4;
 882              		.loc 1 376 5 is_stmt 1 view .LVU207
 376:Core/Src/stm32f4xx_hal_msp.c ****     PeriphClkInitStruct.PLLSAI.PLLSAIM = 4;
 883              		.loc 1 376 46 is_stmt 0 view .LVU208
 884 0026 4FF48073 		mov	r3, #256
 885 002a 0293     		str	r3, [sp, #8]
 377:Core/Src/stm32f4xx_hal_msp.c ****     PeriphClkInitStruct.PLLSAI.PLLSAIN = 96;
 886              		.loc 1 377 5 is_stmt 1 view .LVU209
 377:Core/Src/stm32f4xx_hal_msp.c ****     PeriphClkInitStruct.PLLSAI.PLLSAIN = 96;
 887              		.loc 1 377 40 is_stmt 0 view .LVU210
 888 002c 0423     		movs	r3, #4
 889 002e 0893     		str	r3, [sp, #32]
 378:Core/Src/stm32f4xx_hal_msp.c ****     PeriphClkInitStruct.PLLSAI.PLLSAIQ = 2;
 890              		.loc 1 378 5 is_stmt 1 view .LVU211
 378:Core/Src/stm32f4xx_hal_msp.c ****     PeriphClkInitStruct.PLLSAI.PLLSAIQ = 2;
 891              		.loc 1 378 40 is_stmt 0 view .LVU212
 892 0030 6022     		movs	r2, #96
 893 0032 0992     		str	r2, [sp, #36]
 379:Core/Src/stm32f4xx_hal_msp.c ****     PeriphClkInitStruct.PLLSAI.PLLSAIP = RCC_PLLSAIP_DIV4;
 894              		.loc 1 379 5 is_stmt 1 view .LVU213
 379:Core/Src/stm32f4xx_hal_msp.c ****     PeriphClkInitStruct.PLLSAI.PLLSAIP = RCC_PLLSAIP_DIV4;
 895              		.loc 1 379 40 is_stmt 0 view .LVU214
 896 0034 0222     		movs	r2, #2
 897 0036 0B92     		str	r2, [sp, #44]
 380:Core/Src/stm32f4xx_hal_msp.c ****     PeriphClkInitStruct.PLLSAIDivQ = 1;
 898              		.loc 1 380 5 is_stmt 1 view .LVU215
 380:Core/Src/stm32f4xx_hal_msp.c ****     PeriphClkInitStruct.PLLSAIDivQ = 1;
 899              		.loc 1 380 40 is_stmt 0 view .LVU216
 900 0038 0A93     		str	r3, [sp, #40]
 381:Core/Src/stm32f4xx_hal_msp.c ****     PeriphClkInitStruct.Clk48ClockSelection = RCC_CLK48CLKSOURCE_PLLSAIP;
 901              		.loc 1 381 5 is_stmt 1 view .LVU217
 381:Core/Src/stm32f4xx_hal_msp.c ****     PeriphClkInitStruct.Clk48ClockSelection = RCC_CLK48CLKSOURCE_PLLSAIP;
 902              		.loc 1 381 36 is_stmt 0 view .LVU218
 903 003a 0123     		movs	r3, #1
ARM GAS  C:\Users\krisa\AppData\Local\Temp\cc3KL36m.s 			page 26


 904 003c 0D93     		str	r3, [sp, #52]
 382:Core/Src/stm32f4xx_hal_msp.c ****     if (HAL_RCCEx_PeriphCLKConfig(&PeriphClkInitStruct) != HAL_OK)
 905              		.loc 1 382 5 is_stmt 1 view .LVU219
 382:Core/Src/stm32f4xx_hal_msp.c ****     if (HAL_RCCEx_PeriphCLKConfig(&PeriphClkInitStruct) != HAL_OK)
 906              		.loc 1 382 45 is_stmt 0 view .LVU220
 907 003e 4FF00063 		mov	r3, #134217728
 908 0042 1793     		str	r3, [sp, #92]
 383:Core/Src/stm32f4xx_hal_msp.c ****     {
 909              		.loc 1 383 5 is_stmt 1 view .LVU221
 383:Core/Src/stm32f4xx_hal_msp.c ****     {
 910              		.loc 1 383 9 is_stmt 0 view .LVU222
 911 0044 02A8     		add	r0, sp, #8
 912 0046 FFF7FEFF 		bl	HAL_RCCEx_PeriphCLKConfig
 913              	.LVL47:
 383:Core/Src/stm32f4xx_hal_msp.c ****     {
 914              		.loc 1 383 8 view .LVU223
 915 004a 0028     		cmp	r0, #0
 916 004c 30D1     		bne	.L58
 917              	.L55:
 388:Core/Src/stm32f4xx_hal_msp.c ****     /**USB_OTG_FS GPIO Configuration
 918              		.loc 1 388 5 is_stmt 1 view .LVU224
 919              	.LBB13:
 388:Core/Src/stm32f4xx_hal_msp.c ****     /**USB_OTG_FS GPIO Configuration
 920              		.loc 1 388 5 view .LVU225
 921 004e 0025     		movs	r5, #0
 922 0050 0095     		str	r5, [sp]
 388:Core/Src/stm32f4xx_hal_msp.c ****     /**USB_OTG_FS GPIO Configuration
 923              		.loc 1 388 5 view .LVU226
 924 0052 194C     		ldr	r4, .L59
 925              	.LVL48:
 388:Core/Src/stm32f4xx_hal_msp.c ****     /**USB_OTG_FS GPIO Configuration
 926              		.loc 1 388 5 is_stmt 0 view .LVU227
 927 0054 236B     		ldr	r3, [r4, #48]
 928 0056 43F00103 		orr	r3, r3, #1
 929 005a 2363     		str	r3, [r4, #48]
 388:Core/Src/stm32f4xx_hal_msp.c ****     /**USB_OTG_FS GPIO Configuration
 930              		.loc 1 388 5 is_stmt 1 view .LVU228
 931 005c 236B     		ldr	r3, [r4, #48]
 932 005e 03F00103 		and	r3, r3, #1
 933 0062 0093     		str	r3, [sp]
 388:Core/Src/stm32f4xx_hal_msp.c ****     /**USB_OTG_FS GPIO Configuration
 934              		.loc 1 388 5 view .LVU229
 935 0064 009B     		ldr	r3, [sp]
 936              	.LBE13:
 388:Core/Src/stm32f4xx_hal_msp.c ****     /**USB_OTG_FS GPIO Configuration
 937              		.loc 1 388 5 view .LVU230
 393:Core/Src/stm32f4xx_hal_msp.c ****     GPIO_InitStruct.Mode = GPIO_MODE_AF_PP;
 938              		.loc 1 393 5 view .LVU231
 393:Core/Src/stm32f4xx_hal_msp.c ****     GPIO_InitStruct.Mode = GPIO_MODE_AF_PP;
 939              		.loc 1 393 25 is_stmt 0 view .LVU232
 940 0066 4FF4C053 		mov	r3, #6144
 941 006a 1993     		str	r3, [sp, #100]
 394:Core/Src/stm32f4xx_hal_msp.c ****     GPIO_InitStruct.Pull = GPIO_NOPULL;
 942              		.loc 1 394 5 is_stmt 1 view .LVU233
 394:Core/Src/stm32f4xx_hal_msp.c ****     GPIO_InitStruct.Pull = GPIO_NOPULL;
 943              		.loc 1 394 26 is_stmt 0 view .LVU234
 944 006c 0223     		movs	r3, #2
ARM GAS  C:\Users\krisa\AppData\Local\Temp\cc3KL36m.s 			page 27


 945 006e 1A93     		str	r3, [sp, #104]
 395:Core/Src/stm32f4xx_hal_msp.c ****     GPIO_InitStruct.Speed = GPIO_SPEED_FREQ_VERY_HIGH;
 946              		.loc 1 395 5 is_stmt 1 view .LVU235
 395:Core/Src/stm32f4xx_hal_msp.c ****     GPIO_InitStruct.Speed = GPIO_SPEED_FREQ_VERY_HIGH;
 947              		.loc 1 395 26 is_stmt 0 view .LVU236
 948 0070 1B95     		str	r5, [sp, #108]
 396:Core/Src/stm32f4xx_hal_msp.c ****     GPIO_InitStruct.Alternate = GPIO_AF10_OTG_FS;
 949              		.loc 1 396 5 is_stmt 1 view .LVU237
 396:Core/Src/stm32f4xx_hal_msp.c ****     GPIO_InitStruct.Alternate = GPIO_AF10_OTG_FS;
 950              		.loc 1 396 27 is_stmt 0 view .LVU238
 951 0072 0323     		movs	r3, #3
 952 0074 1C93     		str	r3, [sp, #112]
 397:Core/Src/stm32f4xx_hal_msp.c ****     HAL_GPIO_Init(GPIOA, &GPIO_InitStruct);
 953              		.loc 1 397 5 is_stmt 1 view .LVU239
 397:Core/Src/stm32f4xx_hal_msp.c ****     HAL_GPIO_Init(GPIOA, &GPIO_InitStruct);
 954              		.loc 1 397 31 is_stmt 0 view .LVU240
 955 0076 0A23     		movs	r3, #10
 956 0078 1D93     		str	r3, [sp, #116]
 398:Core/Src/stm32f4xx_hal_msp.c **** 
 957              		.loc 1 398 5 is_stmt 1 view .LVU241
 958 007a 19A9     		add	r1, sp, #100
 959 007c 0F48     		ldr	r0, .L59+4
 960 007e FFF7FEFF 		bl	HAL_GPIO_Init
 961              	.LVL49:
 401:Core/Src/stm32f4xx_hal_msp.c ****     /* USB_OTG_FS interrupt Init */
 962              		.loc 1 401 5 view .LVU242
 401:Core/Src/stm32f4xx_hal_msp.c ****     /* USB_OTG_FS interrupt Init */
 963              		.loc 1 401 5 view .LVU243
 964 0082 636B     		ldr	r3, [r4, #52]
 965 0084 43F08003 		orr	r3, r3, #128
 966 0088 6363     		str	r3, [r4, #52]
 401:Core/Src/stm32f4xx_hal_msp.c ****     /* USB_OTG_FS interrupt Init */
 967              		.loc 1 401 5 view .LVU244
 968              	.LBB14:
 401:Core/Src/stm32f4xx_hal_msp.c ****     /* USB_OTG_FS interrupt Init */
 969              		.loc 1 401 5 view .LVU245
 970 008a 0195     		str	r5, [sp, #4]
 401:Core/Src/stm32f4xx_hal_msp.c ****     /* USB_OTG_FS interrupt Init */
 971              		.loc 1 401 5 view .LVU246
 972 008c 636C     		ldr	r3, [r4, #68]
 973 008e 43F48043 		orr	r3, r3, #16384
 974 0092 6364     		str	r3, [r4, #68]
 401:Core/Src/stm32f4xx_hal_msp.c ****     /* USB_OTG_FS interrupt Init */
 975              		.loc 1 401 5 view .LVU247
 976 0094 636C     		ldr	r3, [r4, #68]
 977 0096 03F48043 		and	r3, r3, #16384
 978 009a 0193     		str	r3, [sp, #4]
 401:Core/Src/stm32f4xx_hal_msp.c ****     /* USB_OTG_FS interrupt Init */
 979              		.loc 1 401 5 view .LVU248
 980 009c 019B     		ldr	r3, [sp, #4]
 981              	.LBE14:
 401:Core/Src/stm32f4xx_hal_msp.c ****     /* USB_OTG_FS interrupt Init */
 982              		.loc 1 401 5 view .LVU249
 401:Core/Src/stm32f4xx_hal_msp.c ****     /* USB_OTG_FS interrupt Init */
 983              		.loc 1 401 5 view .LVU250
 403:Core/Src/stm32f4xx_hal_msp.c ****     HAL_NVIC_EnableIRQ(OTG_FS_IRQn);
 984              		.loc 1 403 5 view .LVU251
ARM GAS  C:\Users\krisa\AppData\Local\Temp\cc3KL36m.s 			page 28


 985 009e 2A46     		mov	r2, r5
 986 00a0 2946     		mov	r1, r5
 987 00a2 4320     		movs	r0, #67
 988 00a4 FFF7FEFF 		bl	HAL_NVIC_SetPriority
 989              	.LVL50:
 404:Core/Src/stm32f4xx_hal_msp.c ****     /* USER CODE BEGIN USB_OTG_FS_MspInit 1 */
 990              		.loc 1 404 5 view .LVU252
 991 00a8 4320     		movs	r0, #67
 992 00aa FFF7FEFF 		bl	HAL_NVIC_EnableIRQ
 993              	.LVL51:
 994              		.loc 1 411 1 is_stmt 0 view .LVU253
 995 00ae B8E7     		b	.L53
 996              	.LVL52:
 997              	.L58:
 385:Core/Src/stm32f4xx_hal_msp.c ****     }
 998              		.loc 1 385 7 is_stmt 1 view .LVU254
 999 00b0 FFF7FEFF 		bl	Error_Handler
 1000              	.LVL53:
 1001 00b4 CBE7     		b	.L55
 1002              	.L60:
 1003 00b6 00BF     		.align	2
 1004              	.L59:
 1005 00b8 00380240 		.word	1073887232
 1006 00bc 00000240 		.word	1073872896
 1007              		.cfi_endproc
 1008              	.LFE248:
 1010              		.section	.text.HAL_PCD_MspDeInit,"ax",%progbits
 1011              		.align	1
 1012              		.global	HAL_PCD_MspDeInit
 1013              		.syntax unified
 1014              		.thumb
 1015              		.thumb_func
 1017              	HAL_PCD_MspDeInit:
 1018              	.LVL54:
 1019              	.LFB249:
 412:Core/Src/stm32f4xx_hal_msp.c **** 
 413:Core/Src/stm32f4xx_hal_msp.c **** /**
 414:Core/Src/stm32f4xx_hal_msp.c ****   * @brief PCD MSP De-Initialization
 415:Core/Src/stm32f4xx_hal_msp.c ****   * This function freeze the hardware resources used in this example
 416:Core/Src/stm32f4xx_hal_msp.c ****   * @param hpcd: PCD handle pointer
 417:Core/Src/stm32f4xx_hal_msp.c ****   * @retval None
 418:Core/Src/stm32f4xx_hal_msp.c ****   */
 419:Core/Src/stm32f4xx_hal_msp.c **** void HAL_PCD_MspDeInit(PCD_HandleTypeDef* hpcd)
 420:Core/Src/stm32f4xx_hal_msp.c **** {
 1020              		.loc 1 420 1 view -0
 1021              		.cfi_startproc
 1022              		@ args = 0, pretend = 0, frame = 0
 1023              		@ frame_needed = 0, uses_anonymous_args = 0
 1024              		.loc 1 420 1 is_stmt 0 view .LVU256
 1025 0000 08B5     		push	{r3, lr}
 1026              	.LCFI26:
 1027              		.cfi_def_cfa_offset 8
 1028              		.cfi_offset 3, -8
 1029              		.cfi_offset 14, -4
 421:Core/Src/stm32f4xx_hal_msp.c ****   if(hpcd->Instance==USB_OTG_FS)
 1030              		.loc 1 421 3 is_stmt 1 view .LVU257
 1031              		.loc 1 421 10 is_stmt 0 view .LVU258
ARM GAS  C:\Users\krisa\AppData\Local\Temp\cc3KL36m.s 			page 29


 1032 0002 0368     		ldr	r3, [r0]
 1033              		.loc 1 421 5 view .LVU259
 1034 0004 B3F1A04F 		cmp	r3, #1342177280
 1035 0008 00D0     		beq	.L64
 1036              	.LVL55:
 1037              	.L61:
 422:Core/Src/stm32f4xx_hal_msp.c ****   {
 423:Core/Src/stm32f4xx_hal_msp.c ****     /* USER CODE BEGIN USB_OTG_FS_MspDeInit 0 */
 424:Core/Src/stm32f4xx_hal_msp.c **** 
 425:Core/Src/stm32f4xx_hal_msp.c ****     /* USER CODE END USB_OTG_FS_MspDeInit 0 */
 426:Core/Src/stm32f4xx_hal_msp.c ****     /* Peripheral clock disable */
 427:Core/Src/stm32f4xx_hal_msp.c ****     __HAL_RCC_USB_OTG_FS_CLK_DISABLE();
 428:Core/Src/stm32f4xx_hal_msp.c **** 
 429:Core/Src/stm32f4xx_hal_msp.c ****     /**USB_OTG_FS GPIO Configuration
 430:Core/Src/stm32f4xx_hal_msp.c ****     PA11     ------> USB_OTG_FS_DM
 431:Core/Src/stm32f4xx_hal_msp.c ****     PA12     ------> USB_OTG_FS_DP
 432:Core/Src/stm32f4xx_hal_msp.c ****     */
 433:Core/Src/stm32f4xx_hal_msp.c ****     HAL_GPIO_DeInit(GPIOA, GPIO_PIN_11|GPIO_PIN_12);
 434:Core/Src/stm32f4xx_hal_msp.c **** 
 435:Core/Src/stm32f4xx_hal_msp.c ****     /* USB_OTG_FS interrupt DeInit */
 436:Core/Src/stm32f4xx_hal_msp.c ****     HAL_NVIC_DisableIRQ(OTG_FS_IRQn);
 437:Core/Src/stm32f4xx_hal_msp.c ****     /* USER CODE BEGIN USB_OTG_FS_MspDeInit 1 */
 438:Core/Src/stm32f4xx_hal_msp.c **** 
 439:Core/Src/stm32f4xx_hal_msp.c ****     /* USER CODE END USB_OTG_FS_MspDeInit 1 */
 440:Core/Src/stm32f4xx_hal_msp.c ****   }
 441:Core/Src/stm32f4xx_hal_msp.c **** 
 442:Core/Src/stm32f4xx_hal_msp.c **** }
 1038              		.loc 1 442 1 view .LVU260
 1039 000a 08BD     		pop	{r3, pc}
 1040              	.LVL56:
 1041              	.L64:
 427:Core/Src/stm32f4xx_hal_msp.c **** 
 1042              		.loc 1 427 5 is_stmt 1 view .LVU261
 1043 000c 064A     		ldr	r2, .L65
 1044 000e 536B     		ldr	r3, [r2, #52]
 1045 0010 23F08003 		bic	r3, r3, #128
 1046 0014 5363     		str	r3, [r2, #52]
 433:Core/Src/stm32f4xx_hal_msp.c **** 
 1047              		.loc 1 433 5 view .LVU262
 1048 0016 4FF4C051 		mov	r1, #6144
 1049 001a 0448     		ldr	r0, .L65+4
 1050              	.LVL57:
 433:Core/Src/stm32f4xx_hal_msp.c **** 
 1051              		.loc 1 433 5 is_stmt 0 view .LVU263
 1052 001c FFF7FEFF 		bl	HAL_GPIO_DeInit
 1053              	.LVL58:
 436:Core/Src/stm32f4xx_hal_msp.c ****     /* USER CODE BEGIN USB_OTG_FS_MspDeInit 1 */
 1054              		.loc 1 436 5 is_stmt 1 view .LVU264
 1055 0020 4320     		movs	r0, #67
 1056 0022 FFF7FEFF 		bl	HAL_NVIC_DisableIRQ
 1057              	.LVL59:
 1058              		.loc 1 442 1 is_stmt 0 view .LVU265
 1059 0026 F0E7     		b	.L61
 1060              	.L66:
 1061              		.align	2
 1062              	.L65:
 1063 0028 00380240 		.word	1073887232
ARM GAS  C:\Users\krisa\AppData\Local\Temp\cc3KL36m.s 			page 30


 1064 002c 00000240 		.word	1073872896
 1065              		.cfi_endproc
 1066              	.LFE249:
 1068              		.text
 1069              	.Letext0:
 1070              		.file 2 "c:\\program files (x86)\\gnu arm embedded toolchain\\10 2021.10\\arm-none-eabi\\include\\
 1071              		.file 3 "c:\\program files (x86)\\gnu arm embedded toolchain\\10 2021.10\\arm-none-eabi\\include\\
 1072              		.file 4 "Drivers/CMSIS/Device/ST/STM32F4xx/Include/stm32f446xx.h"
 1073              		.file 5 "Drivers/CMSIS/Device/ST/STM32F4xx/Include/stm32f4xx.h"
 1074              		.file 6 "Drivers/STM32F4xx_HAL_Driver/Inc/stm32f4xx_hal_def.h"
 1075              		.file 7 "Drivers/STM32F4xx_HAL_Driver/Inc/stm32f4xx_hal_rcc_ex.h"
 1076              		.file 8 "Drivers/STM32F4xx_HAL_Driver/Inc/stm32f4xx_hal_gpio.h"
 1077              		.file 9 "Drivers/STM32F4xx_HAL_Driver/Inc/stm32f4xx_hal_dma.h"
 1078              		.file 10 "Drivers/STM32F4xx_HAL_Driver/Inc/stm32f4xx_hal_adc.h"
 1079              		.file 11 "Drivers/STM32F4xx_HAL_Driver/Inc/stm32f4xx_hal_i2c.h"
 1080              		.file 12 "Drivers/STM32F4xx_HAL_Driver/Inc/stm32f4xx_hal_spi.h"
 1081              		.file 13 "Drivers/STM32F4xx_HAL_Driver/Inc/stm32f4xx_hal_uart.h"
 1082              		.file 14 "Drivers/STM32F4xx_HAL_Driver/Inc/stm32f4xx_ll_usb.h"
 1083              		.file 15 "Drivers/STM32F4xx_HAL_Driver/Inc/stm32f4xx_hal_pcd.h"
 1084              		.file 16 "Drivers/STM32F4xx_HAL_Driver/Inc/stm32f4xx_hal_cortex.h"
 1085              		.file 17 "Core/Inc/main.h"
 1086              		.file 18 "<built-in>"
ARM GAS  C:\Users\krisa\AppData\Local\Temp\cc3KL36m.s 			page 31


DEFINED SYMBOLS
                            *ABS*:00000000 stm32f4xx_hal_msp.c
C:\Users\krisa\AppData\Local\Temp\cc3KL36m.s:20     .text.HAL_MspInit:00000000 $t
C:\Users\krisa\AppData\Local\Temp\cc3KL36m.s:26     .text.HAL_MspInit:00000000 HAL_MspInit
C:\Users\krisa\AppData\Local\Temp\cc3KL36m.s:80     .text.HAL_MspInit:00000034 $d
C:\Users\krisa\AppData\Local\Temp\cc3KL36m.s:85     .text.HAL_ADC_MspInit:00000000 $t
C:\Users\krisa\AppData\Local\Temp\cc3KL36m.s:91     .text.HAL_ADC_MspInit:00000000 HAL_ADC_MspInit
C:\Users\krisa\AppData\Local\Temp\cc3KL36m.s:190    .text.HAL_ADC_MspInit:00000064 $d
C:\Users\krisa\AppData\Local\Temp\cc3KL36m.s:195    .text.HAL_ADC_MspDeInit:00000000 $t
C:\Users\krisa\AppData\Local\Temp\cc3KL36m.s:201    .text.HAL_ADC_MspDeInit:00000000 HAL_ADC_MspDeInit
C:\Users\krisa\AppData\Local\Temp\cc3KL36m.s:244    .text.HAL_ADC_MspDeInit:00000020 $d
C:\Users\krisa\AppData\Local\Temp\cc3KL36m.s:251    .text.HAL_I2C_MspInit:00000000 $t
C:\Users\krisa\AppData\Local\Temp\cc3KL36m.s:257    .text.HAL_I2C_MspInit:00000000 HAL_I2C_MspInit
C:\Users\krisa\AppData\Local\Temp\cc3KL36m.s:405    .text.HAL_I2C_MspInit:00000098 $d
C:\Users\krisa\AppData\Local\Temp\cc3KL36m.s:413    .text.HAL_I2C_MspDeInit:00000000 $t
C:\Users\krisa\AppData\Local\Temp\cc3KL36m.s:419    .text.HAL_I2C_MspDeInit:00000000 HAL_I2C_MspDeInit
C:\Users\krisa\AppData\Local\Temp\cc3KL36m.s:467    .text.HAL_I2C_MspDeInit:0000002c $d
C:\Users\krisa\AppData\Local\Temp\cc3KL36m.s:475    .text.HAL_SPI_MspInit:00000000 $t
C:\Users\krisa\AppData\Local\Temp\cc3KL36m.s:481    .text.HAL_SPI_MspInit:00000000 HAL_SPI_MspInit
C:\Users\krisa\AppData\Local\Temp\cc3KL36m.s:587    .text.HAL_SPI_MspInit:00000068 $d
C:\Users\krisa\AppData\Local\Temp\cc3KL36m.s:593    .text.HAL_SPI_MspDeInit:00000000 $t
C:\Users\krisa\AppData\Local\Temp\cc3KL36m.s:599    .text.HAL_SPI_MspDeInit:00000000 HAL_SPI_MspDeInit
C:\Users\krisa\AppData\Local\Temp\cc3KL36m.s:642    .text.HAL_SPI_MspDeInit:00000020 $d
C:\Users\krisa\AppData\Local\Temp\cc3KL36m.s:649    .text.HAL_UART_MspInit:00000000 $t
C:\Users\krisa\AppData\Local\Temp\cc3KL36m.s:655    .text.HAL_UART_MspInit:00000000 HAL_UART_MspInit
C:\Users\krisa\AppData\Local\Temp\cc3KL36m.s:761    .text.HAL_UART_MspInit:00000068 $d
C:\Users\krisa\AppData\Local\Temp\cc3KL36m.s:767    .text.HAL_UART_MspDeInit:00000000 $t
C:\Users\krisa\AppData\Local\Temp\cc3KL36m.s:773    .text.HAL_UART_MspDeInit:00000000 HAL_UART_MspDeInit
C:\Users\krisa\AppData\Local\Temp\cc3KL36m.s:816    .text.HAL_UART_MspDeInit:00000024 $d
C:\Users\krisa\AppData\Local\Temp\cc3KL36m.s:823    .text.HAL_PCD_MspInit:00000000 $t
C:\Users\krisa\AppData\Local\Temp\cc3KL36m.s:829    .text.HAL_PCD_MspInit:00000000 HAL_PCD_MspInit
C:\Users\krisa\AppData\Local\Temp\cc3KL36m.s:1005   .text.HAL_PCD_MspInit:000000b8 $d
C:\Users\krisa\AppData\Local\Temp\cc3KL36m.s:1011   .text.HAL_PCD_MspDeInit:00000000 $t
C:\Users\krisa\AppData\Local\Temp\cc3KL36m.s:1017   .text.HAL_PCD_MspDeInit:00000000 HAL_PCD_MspDeInit
C:\Users\krisa\AppData\Local\Temp\cc3KL36m.s:1063   .text.HAL_PCD_MspDeInit:00000028 $d

UNDEFINED SYMBOLS
HAL_GPIO_Init
HAL_GPIO_DeInit
memset
HAL_RCCEx_PeriphCLKConfig
HAL_NVIC_SetPriority
HAL_NVIC_EnableIRQ
Error_Handler
HAL_NVIC_DisableIRQ
